0 info it worked if it ends with ok
1 verbose cli [ '/usr/local/bin/node',
1 verbose cli   '/usr/local/bin/npm',
1 verbose cli   'install',
1 verbose cli   '--save',
1 verbose cli   'bart-api' ]
2 info using npm@3.10.5
3 info using node@v6.2.2
4 silly loadCurrentTree Starting
5 silly install loadCurrentTree
6 silly install readLocalPackageData
7 silly fetchPackageMetaData bart-api
8 silly fetchNamedPackageData bart-api
9 silly mapToRegistry name bart-api
10 silly mapToRegistry using default registry
11 silly mapToRegistry registry https://registry.npmjs.org/
12 silly mapToRegistry data Result {
12 silly mapToRegistry   raw: 'bart-api',
12 silly mapToRegistry   scope: null,
12 silly mapToRegistry   escapedName: 'bart-api',
12 silly mapToRegistry   name: 'bart-api',
12 silly mapToRegistry   rawSpec: '',
12 silly mapToRegistry   spec: 'latest',
12 silly mapToRegistry   type: 'tag' }
13 silly mapToRegistry uri https://registry.npmjs.org/bart-api
14 verbose request uri https://registry.npmjs.org/bart-api
15 verbose request no auth needed
16 info attempt registry request try #1 at 2:05:34 PM
17 verbose request id ec0c17bfbf02a9b3
18 http request GET https://registry.npmjs.org/bart-api
19 http 200 https://registry.npmjs.org/bart-api
20 verbose headers { server: 'CouchDB/1.5.0 (Erlang OTP/R16B03)',
20 verbose headers   etag: '"38FUEK3M16O32MUU6BTFOMZEW"',
20 verbose headers   'content-type': 'application/json',
20 verbose headers   'content-encoding': 'gzip',
20 verbose headers   'cache-control': 'max-age=300',
20 verbose headers   'content-length': '1509',
20 verbose headers   'accept-ranges': 'bytes',
20 verbose headers   date: 'Wed, 10 Aug 2016 21:05:33 GMT',
20 verbose headers   via: '1.1 varnish',
20 verbose headers   age: '0',
20 verbose headers   connection: 'keep-alive',
20 verbose headers   'x-served-by': 'cache-sjc3147-SJC',
20 verbose headers   'x-cache': 'MISS',
20 verbose headers   'x-cache-hits': '0',
20 verbose headers   'x-timer': 'S1470863132.965850,VS0,VE356',
20 verbose headers   vary: 'Accept-Encoding' }
21 silly get cb [ 200,
21 silly get   { server: 'CouchDB/1.5.0 (Erlang OTP/R16B03)',
21 silly get     etag: '"38FUEK3M16O32MUU6BTFOMZEW"',
21 silly get     'content-type': 'application/json',
21 silly get     'content-encoding': 'gzip',
21 silly get     'cache-control': 'max-age=300',
21 silly get     'content-length': '1509',
21 silly get     'accept-ranges': 'bytes',
21 silly get     date: 'Wed, 10 Aug 2016 21:05:33 GMT',
21 silly get     via: '1.1 varnish',
21 silly get     age: '0',
21 silly get     connection: 'keep-alive',
21 silly get     'x-served-by': 'cache-sjc3147-SJC',
21 silly get     'x-cache': 'MISS',
21 silly get     'x-cache-hits': '0',
21 silly get     'x-timer': 'S1470863132.965850,VS0,VE356',
21 silly get     vary: 'Accept-Encoding' } ]
22 verbose get saving bart-api to /Users/alexquang/.npm/registry.npmjs.org/bart-api/.cache.json
23 verbose correctMkdir /Users/alexquang/.npm correctMkdir not in flight; initializing
24 silly install normalizeTree
25 silly loadCurrentTree Finishing
26 silly loadIdealTree Starting
27 silly install loadIdealTree
28 silly cloneCurrentTree Starting
29 silly install cloneCurrentTreeToIdealTree
30 silly cloneCurrentTree Finishing
31 silly loadShrinkwrap Starting
32 silly install loadShrinkwrap
33 silly loadShrinkwrap Finishing
34 silly loadAllDepsIntoIdealTree Starting
35 silly install loadAllDepsIntoIdealTree
36 silly resolveWithNewModule bart-api@0.0.0 checking installable status
37 silly cache add args [ 'bart-api', null ]
38 verbose cache add spec bart-api
39 silly cache add parsed spec Result {
39 silly cache add   raw: 'bart-api',
39 silly cache add   scope: null,
39 silly cache add   escapedName: 'bart-api',
39 silly cache add   name: 'bart-api',
39 silly cache add   rawSpec: '',
39 silly cache add   spec: 'latest',
39 silly cache add   type: 'tag' }
40 silly addNamed bart-api@latest
41 verbose addNamed "latest" is being treated as a dist-tag for bart-api
42 info addNameTag [ 'bart-api', 'latest' ]
43 silly mapToRegistry name bart-api
44 silly mapToRegistry using default registry
45 silly mapToRegistry registry https://registry.npmjs.org/
46 silly mapToRegistry data Result {
46 silly mapToRegistry   raw: 'bart-api',
46 silly mapToRegistry   scope: null,
46 silly mapToRegistry   escapedName: 'bart-api',
46 silly mapToRegistry   name: 'bart-api',
46 silly mapToRegistry   rawSpec: '',
46 silly mapToRegistry   spec: 'latest',
46 silly mapToRegistry   type: 'tag' }
47 silly mapToRegistry uri https://registry.npmjs.org/bart-api
48 verbose addNameTag registry:https://registry.npmjs.org/bart-api not in flight; fetching
49 verbose get https://registry.npmjs.org/bart-api not expired, no request
50 silly addNameTag next cb for bart-api with tag latest
51 silly addNamed bart-api@0.0.0
52 verbose addNamed "0.0.0" is a plain semver version for bart-api
53 silly mapToRegistry name bart-api
54 silly mapToRegistry using default registry
55 silly mapToRegistry registry https://registry.npmjs.org/
56 silly mapToRegistry data Result {
56 silly mapToRegistry   raw: 'bart-api',
56 silly mapToRegistry   scope: null,
56 silly mapToRegistry   escapedName: 'bart-api',
56 silly mapToRegistry   name: 'bart-api',
56 silly mapToRegistry   rawSpec: '',
56 silly mapToRegistry   spec: 'latest',
56 silly mapToRegistry   type: 'tag' }
57 silly mapToRegistry uri https://registry.npmjs.org/bart-api
58 verbose addRemoteTarball https://registry.npmjs.org/bart-api/-/bart-api-0.0.0.tgz not in flight; adding
59 verbose addRemoteTarball [ 'https://registry.npmjs.org/bart-api/-/bart-api-0.0.0.tgz',
59 verbose addRemoteTarball   'e01921b8c4a1ba560e15b114628a015e431b0f2a' ]
60 info retry fetch attempt 1 at 2:05:35 PM
61 info attempt registry request try #1 at 2:05:35 PM
62 http fetch GET https://registry.npmjs.org/bart-api/-/bart-api-0.0.0.tgz
63 http fetch 200 https://registry.npmjs.org/bart-api/-/bart-api-0.0.0.tgz
64 silly fetchAndShaCheck shasum e01921b8c4a1ba560e15b114628a015e431b0f2a
65 verbose addTmpTarball /var/folders/95/3l_f221j3tx0q0kyrfc1fq3h0000gn/T/npm-9942-e3fba1f9/registry.npmjs.org/bart-api/-/bart-api-0.0.0.tgz not in flight; adding
66 verbose addTmpTarball already have metadata; skipping unpack for bart-api@0.0.0
67 verbose correctMkdir /Users/alexquang/.npm correctMkdir not in flight; initializing
68 silly cache afterAdd bart-api@0.0.0
69 verbose afterAdd /Users/alexquang/.npm/bart-api/0.0.0/package/package.json not in flight; writing
70 verbose correctMkdir /Users/alexquang/.npm correctMkdir not in flight; initializing
71 verbose afterAdd /Users/alexquang/.npm/bart-api/0.0.0/package/package.json written
72 silly fetchNamedPackageData request
73 silly mapToRegistry name request
74 silly mapToRegistry using default registry
75 silly mapToRegistry registry https://registry.npmjs.org/
76 silly mapToRegistry data Result {
76 silly mapToRegistry   raw: 'request',
76 silly mapToRegistry   scope: null,
76 silly mapToRegistry   escapedName: 'request',
76 silly mapToRegistry   name: 'request',
76 silly mapToRegistry   rawSpec: '',
76 silly mapToRegistry   spec: 'latest',
76 silly mapToRegistry   type: 'tag' }
77 silly mapToRegistry uri https://registry.npmjs.org/request
78 silly fetchNamedPackageData querystring
79 silly mapToRegistry name querystring
80 silly mapToRegistry using default registry
81 silly mapToRegistry registry https://registry.npmjs.org/
82 silly mapToRegistry data Result {
82 silly mapToRegistry   raw: 'querystring',
82 silly mapToRegistry   scope: null,
82 silly mapToRegistry   escapedName: 'querystring',
82 silly mapToRegistry   name: 'querystring',
82 silly mapToRegistry   rawSpec: '',
82 silly mapToRegistry   spec: 'latest',
82 silly mapToRegistry   type: 'tag' }
83 silly mapToRegistry uri https://registry.npmjs.org/querystring
84 silly fetchNamedPackageData libxmljs
85 silly mapToRegistry name libxmljs
86 silly mapToRegistry using default registry
87 silly mapToRegistry registry https://registry.npmjs.org/
88 silly mapToRegistry data Result {
88 silly mapToRegistry   raw: 'libxmljs',
88 silly mapToRegistry   scope: null,
88 silly mapToRegistry   escapedName: 'libxmljs',
88 silly mapToRegistry   name: 'libxmljs',
88 silly mapToRegistry   rawSpec: '',
88 silly mapToRegistry   spec: 'latest',
88 silly mapToRegistry   type: 'tag' }
89 silly mapToRegistry uri https://registry.npmjs.org/libxmljs
90 verbose request uri https://registry.npmjs.org/libxmljs
91 verbose request no auth needed
92 info attempt registry request try #1 at 2:05:35 PM
93 http request GET https://registry.npmjs.org/libxmljs
94 verbose request uri https://registry.npmjs.org/querystring
95 verbose request no auth needed
96 info attempt registry request try #1 at 2:05:35 PM
97 verbose etag "EZHLLCJNJ7K3L9U00QJGJ587H"
98 http request GET https://registry.npmjs.org/querystring
99 verbose request uri https://registry.npmjs.org/request
100 verbose request no auth needed
101 info attempt registry request try #1 at 2:05:35 PM
102 verbose etag "80MGYVDGZSQY9VU7Q2TJ1DQ6W"
103 http request GET https://registry.npmjs.org/request
104 http 200 https://registry.npmjs.org/querystring
105 verbose headers { server: 'CouchDB/1.6.1 (Erlang OTP/R16B03)',
105 verbose headers   etag: '"11YQ53D606SOWEA3G1546PB7F"',
105 verbose headers   'content-type': 'application/json',
105 verbose headers   'content-encoding': 'gzip',
105 verbose headers   'cache-control': 'max-age=300',
105 verbose headers   'content-length': '1766',
105 verbose headers   'accept-ranges': 'bytes',
105 verbose headers   date: 'Wed, 10 Aug 2016 21:05:33 GMT',
105 verbose headers   via: '1.1 varnish',
105 verbose headers   age: '203',
105 verbose headers   connection: 'keep-alive',
105 verbose headers   'x-served-by': 'cache-sjc3621-SJC',
105 verbose headers   'x-cache': 'HIT',
105 verbose headers   'x-cache-hits': '2',
105 verbose headers   'x-timer': 'S1470863133.558651,VS0,VE0',
105 verbose headers   vary: 'Accept-Encoding' }
106 silly get cb [ 200,
106 silly get   { server: 'CouchDB/1.6.1 (Erlang OTP/R16B03)',
106 silly get     etag: '"11YQ53D606SOWEA3G1546PB7F"',
106 silly get     'content-type': 'application/json',
106 silly get     'content-encoding': 'gzip',
106 silly get     'cache-control': 'max-age=300',
106 silly get     'content-length': '1766',
106 silly get     'accept-ranges': 'bytes',
106 silly get     date: 'Wed, 10 Aug 2016 21:05:33 GMT',
106 silly get     via: '1.1 varnish',
106 silly get     age: '203',
106 silly get     connection: 'keep-alive',
106 silly get     'x-served-by': 'cache-sjc3621-SJC',
106 silly get     'x-cache': 'HIT',
106 silly get     'x-cache-hits': '2',
106 silly get     'x-timer': 'S1470863133.558651,VS0,VE0',
106 silly get     vary: 'Accept-Encoding' } ]
107 verbose get saving querystring to /Users/alexquang/.npm/registry.npmjs.org/querystring/.cache.json
108 verbose correctMkdir /Users/alexquang/.npm correctMkdir not in flight; initializing
109 silly resolveWithNewModule querystring@0.1.0 checking installable status
110 silly cache add args [ 'querystring@~0.1.0', null ]
111 verbose cache add spec querystring@~0.1.0
112 silly cache add parsed spec Result {
112 silly cache add   raw: 'querystring@~0.1.0',
112 silly cache add   scope: null,
112 silly cache add   escapedName: 'querystring',
112 silly cache add   name: 'querystring',
112 silly cache add   rawSpec: '~0.1.0',
112 silly cache add   spec: '>=0.1.0 <0.2.0',
112 silly cache add   type: 'range' }
113 silly addNamed querystring@>=0.1.0 <0.2.0
114 verbose addNamed ">=0.1.0 <0.2.0" is a valid semver range for querystring
115 silly addNameRange { name: 'querystring', range: '>=0.1.0 <0.2.0', hasData: false }
116 silly mapToRegistry name querystring
117 silly mapToRegistry using default registry
118 silly mapToRegistry registry https://registry.npmjs.org/
119 silly mapToRegistry data Result {
119 silly mapToRegistry   raw: 'querystring',
119 silly mapToRegistry   scope: null,
119 silly mapToRegistry   escapedName: 'querystring',
119 silly mapToRegistry   name: 'querystring',
119 silly mapToRegistry   rawSpec: '',
119 silly mapToRegistry   spec: 'latest',
119 silly mapToRegistry   type: 'tag' }
120 silly mapToRegistry uri https://registry.npmjs.org/querystring
121 verbose addNameRange registry:https://registry.npmjs.org/querystring not in flight; fetching
122 verbose get https://registry.npmjs.org/querystring not expired, no request
123 silly addNameRange number 2 { name: 'querystring', range: '>=0.1.0 <0.2.0', hasData: true }
124 silly addNameRange versions [ 'querystring', [ '0.0.1', '0.0.4', '0.1.0', '0.2.0' ] ]
125 silly addNamed querystring@0.1.0
126 verbose addNamed "0.1.0" is a plain semver version for querystring
127 silly mapToRegistry name querystring
128 silly mapToRegistry using default registry
129 silly mapToRegistry registry https://registry.npmjs.org/
130 silly mapToRegistry data Result {
130 silly mapToRegistry   raw: 'querystring',
130 silly mapToRegistry   scope: null,
130 silly mapToRegistry   escapedName: 'querystring',
130 silly mapToRegistry   name: 'querystring',
130 silly mapToRegistry   rawSpec: '',
130 silly mapToRegistry   spec: 'latest',
130 silly mapToRegistry   type: 'tag' }
131 silly mapToRegistry uri https://registry.npmjs.org/querystring
132 verbose addRemoteTarball https://registry.npmjs.org/querystring/-/querystring-0.1.0.tgz not in flight; adding
133 verbose addRemoteTarball [ 'https://registry.npmjs.org/querystring/-/querystring-0.1.0.tgz',
133 verbose addRemoteTarball   'cb76a26cda0a10a94163fcdb3e132827f04b7b10' ]
134 info retry fetch attempt 1 at 2:05:35 PM
135 info attempt registry request try #1 at 2:05:35 PM
136 http fetch GET https://registry.npmjs.org/querystring/-/querystring-0.1.0.tgz
137 http 200 https://registry.npmjs.org/request
138 verbose headers { server: 'CouchDB/1.5.0 (Erlang OTP/R16B03)',
138 verbose headers   etag: '"BMP4BOCBP13ONHBLNDXTUN0LH"',
138 verbose headers   'content-type': 'application/json',
138 verbose headers   'content-encoding': 'gzip',
138 verbose headers   'cache-control': 'max-age=300',
138 verbose headers   'content-length': '36900',
138 verbose headers   'accept-ranges': 'bytes',
138 verbose headers   date: 'Wed, 10 Aug 2016 21:05:33 GMT',
138 verbose headers   via: '1.1 varnish',
138 verbose headers   age: '93',
138 verbose headers   connection: 'keep-alive',
138 verbose headers   'x-served-by': 'cache-sjc3631-SJC',
138 verbose headers   'x-cache': 'HIT',
138 verbose headers   'x-cache-hits': '3',
138 verbose headers   'x-timer': 'S1470863133.559940,VS0,VE0',
138 verbose headers   vary: 'Accept-Encoding' }
139 silly get cb [ 200,
139 silly get   { server: 'CouchDB/1.5.0 (Erlang OTP/R16B03)',
139 silly get     etag: '"BMP4BOCBP13ONHBLNDXTUN0LH"',
139 silly get     'content-type': 'application/json',
139 silly get     'content-encoding': 'gzip',
139 silly get     'cache-control': 'max-age=300',
139 silly get     'content-length': '36900',
139 silly get     'accept-ranges': 'bytes',
139 silly get     date: 'Wed, 10 Aug 2016 21:05:33 GMT',
139 silly get     via: '1.1 varnish',
139 silly get     age: '93',
139 silly get     connection: 'keep-alive',
139 silly get     'x-served-by': 'cache-sjc3631-SJC',
139 silly get     'x-cache': 'HIT',
139 silly get     'x-cache-hits': '3',
139 silly get     'x-timer': 'S1470863133.559940,VS0,VE0',
139 silly get     vary: 'Accept-Encoding' } ]
140 verbose get saving request to /Users/alexquang/.npm/registry.npmjs.org/request/.cache.json
141 verbose correctMkdir /Users/alexquang/.npm correctMkdir not in flight; initializing
142 http fetch 200 https://registry.npmjs.org/querystring/-/querystring-0.1.0.tgz
143 silly resolveWithNewModule request@2.11.4 checking installable status
144 silly cache add args [ 'request@~2.11.1', null ]
145 verbose cache add spec request@~2.11.1
146 silly cache add parsed spec Result {
146 silly cache add   raw: 'request@~2.11.1',
146 silly cache add   scope: null,
146 silly cache add   escapedName: 'request',
146 silly cache add   name: 'request',
146 silly cache add   rawSpec: '~2.11.1',
146 silly cache add   spec: '>=2.11.1 <2.12.0',
146 silly cache add   type: 'range' }
147 silly addNamed request@>=2.11.1 <2.12.0
148 verbose addNamed ">=2.11.1 <2.12.0" is a valid semver range for request
149 silly addNameRange { name: 'request', range: '>=2.11.1 <2.12.0', hasData: false }
150 silly mapToRegistry name request
151 silly mapToRegistry using default registry
152 silly mapToRegistry registry https://registry.npmjs.org/
153 silly mapToRegistry data Result {
153 silly mapToRegistry   raw: 'request',
153 silly mapToRegistry   scope: null,
153 silly mapToRegistry   escapedName: 'request',
153 silly mapToRegistry   name: 'request',
153 silly mapToRegistry   rawSpec: '',
153 silly mapToRegistry   spec: 'latest',
153 silly mapToRegistry   type: 'tag' }
154 silly mapToRegistry uri https://registry.npmjs.org/request
155 verbose addNameRange registry:https://registry.npmjs.org/request not in flight; fetching
156 verbose get https://registry.npmjs.org/request not expired, no request
157 silly addNameRange number 2 { name: 'request', range: '>=2.11.1 <2.12.0', hasData: true }
158 silly addNameRange versions [ 'request',
158 silly addNameRange   [ '0.10.0',
158 silly addNameRange     '0.8.3',
158 silly addNameRange     '0.9.0',
158 silly addNameRange     '0.9.1',
158 silly addNameRange     '0.9.5',
158 silly addNameRange     '1.0.0',
158 silly addNameRange     '1.1.0',
158 silly addNameRange     '1.1.1',
158 silly addNameRange     '1.2.0',
158 silly addNameRange     '1.9.0',
158 silly addNameRange     '1.9.1',
158 silly addNameRange     '1.9.2',
158 silly addNameRange     '1.9.3',
158 silly addNameRange     '1.9.5',
158 silly addNameRange     '1.9.7',
158 silly addNameRange     '1.9.8',
158 silly addNameRange     '1.9.9',
158 silly addNameRange     '2.0.0',
158 silly addNameRange     '2.0.1',
158 silly addNameRange     '2.0.2',
158 silly addNameRange     '2.0.3',
158 silly addNameRange     '2.0.4',
158 silly addNameRange     '2.0.5',
158 silly addNameRange     '2.1.0',
158 silly addNameRange     '2.1.1',
158 silly addNameRange     '2.2.0',
158 silly addNameRange     '2.2.5',
158 silly addNameRange     '2.2.6',
158 silly addNameRange     '2.2.9',
158 silly addNameRange     '2.9.0',
158 silly addNameRange     '2.9.1',
158 silly addNameRange     '2.9.2',
158 silly addNameRange     '2.9.3',
158 silly addNameRange     '2.9.100',
158 silly addNameRange     '2.9.150',
158 silly addNameRange     '2.9.151',
158 silly addNameRange     '2.9.152',
158 silly addNameRange     '2.9.153',
158 silly addNameRange     '2.9.200',
158 silly addNameRange     '2.9.201',
158 silly addNameRange     '2.9.202',
158 silly addNameRange     '2.9.203',
158 silly addNameRange     '2.10.0',
158 silly addNameRange     '2.11.0',
158 silly addNameRange     '2.11.1',
158 silly addNameRange     '2.11.2',
158 silly addNameRange     '2.11.3',
158 silly addNameRange     '2.11.4',
158 silly addNameRange     '2.12.0',
158 silly addNameRange     '2.14.0',
158 silly addNameRange     '2.16.0',
158 silly addNameRange     '2.16.2',
158 silly addNameRange     '2.16.4',
158 silly addNameRange     '2.16.6',
158 silly addNameRange     '2.18.0',
158 silly addNameRange     '2.19.0',
158 silly addNameRange     '2.20.0',
158 silly addNameRange     '2.21.0',
158 silly addNameRange     '2.22.0',
158 silly addNameRange     '2.23.0',
158 silly addNameRange     '2.24.0',
158 silly addNameRange     '2.25.0',
158 silly addNameRange     '2.26.0',
158 silly addNameRange     '2.27.0',
158 silly addNameRange     '2.28.0',
158 silly addNameRange     '2.29.0',
158 silly addNameRange     '2.30.0',
158 silly addNameRange     '2.31.0',
158 silly addNameRange     '2.32.0',
158 silly addNameRange     '2.33.0',
158 silly addNameRange     '2.34.0',
158 silly addNameRange     '2.35.0',
158 silly addNameRange     '2.36.0',
158 silly addNameRange     '2.37.0',
158 silly addNameRange     '2.38.0',
158 silly addNameRange     '2.39.0',
158 silly addNameRange     '2.40.0',
158 silly addNameRange     '2.41.0',
158 silly addNameRange     '2.42.0',
158 silly addNameRange     '2.43.0',
158 silly addNameRange     '2.44.0',
158 silly addNameRange     '2.45.0',
158 silly addNameRange     '2.46.0',
158 silly addNameRange     '2.47.0',
158 silly addNameRange     '2.48.0',
158 silly addNameRange     '2.49.0',
158 silly addNameRange     '2.50.0',
158 silly addNameRange     '2.51.0',
158 silly addNameRange     '2.52.0',
158 silly addNameRange     '2.53.0',
158 silly addNameRange     '2.54.0',
158 silly addNameRange     '2.55.0',
158 silly addNameRange     '2.56.0',
158 silly addNameRange     '2.57.0',
158 silly addNameRange     '2.58.0',
158 silly addNameRange     '2.59.0',
158 silly addNameRange     '2.60.0',
158 silly addNameRange     '2.61.0',
158 silly addNameRange     '2.62.0',
158 silly addNameRange     '2.63.0',
158 silly addNameRange     ... 11 more items ] ]
159 silly addNamed request@2.11.4
160 verbose addNamed "2.11.4" is a plain semver version for request
161 silly mapToRegistry name request
162 silly mapToRegistry using default registry
163 silly mapToRegistry registry https://registry.npmjs.org/
164 silly mapToRegistry data Result {
164 silly mapToRegistry   raw: 'request',
164 silly mapToRegistry   scope: null,
164 silly mapToRegistry   escapedName: 'request',
164 silly mapToRegistry   name: 'request',
164 silly mapToRegistry   rawSpec: '',
164 silly mapToRegistry   spec: 'latest',
164 silly mapToRegistry   type: 'tag' }
165 silly mapToRegistry uri https://registry.npmjs.org/request
166 verbose addRemoteTarball https://registry.npmjs.org/request/-/request-2.11.4.tgz not in flight; adding
167 verbose addRemoteTarball [ 'https://registry.npmjs.org/request/-/request-2.11.4.tgz',
167 verbose addRemoteTarball   '6347d7d44e52dc588108cc1ce5cee975fc8926de' ]
168 info retry fetch attempt 1 at 2:05:35 PM
169 info attempt registry request try #1 at 2:05:35 PM
170 http fetch GET https://registry.npmjs.org/request/-/request-2.11.4.tgz
171 silly fetchAndShaCheck shasum cb76a26cda0a10a94163fcdb3e132827f04b7b10
172 verbose addTmpTarball /var/folders/95/3l_f221j3tx0q0kyrfc1fq3h0000gn/T/npm-9942-e3fba1f9/registry.npmjs.org/querystring/-/querystring-0.1.0.tgz not in flight; adding
173 verbose addTmpTarball already have metadata; skipping unpack for querystring@0.1.0
174 verbose correctMkdir /Users/alexquang/.npm correctMkdir not in flight; initializing
175 silly cache afterAdd querystring@0.1.0
176 verbose afterAdd /Users/alexquang/.npm/querystring/0.1.0/package/package.json not in flight; writing
177 verbose correctMkdir /Users/alexquang/.npm correctMkdir not in flight; initializing
178 verbose afterAdd /Users/alexquang/.npm/querystring/0.1.0/package/package.json written
179 http fetch 200 https://registry.npmjs.org/request/-/request-2.11.4.tgz
180 silly fetchAndShaCheck shasum 6347d7d44e52dc588108cc1ce5cee975fc8926de
181 verbose addTmpTarball /var/folders/95/3l_f221j3tx0q0kyrfc1fq3h0000gn/T/npm-9942-e3fba1f9/registry.npmjs.org/request/-/request-2.11.4.tgz not in flight; adding
182 verbose addTmpTarball already have metadata; skipping unpack for request@2.11.4
183 verbose correctMkdir /Users/alexquang/.npm correctMkdir not in flight; initializing
184 silly cache afterAdd request@2.11.4
185 verbose afterAdd /Users/alexquang/.npm/request/2.11.4/package/package.json not in flight; writing
186 verbose correctMkdir /Users/alexquang/.npm correctMkdir not in flight; initializing
187 verbose afterAdd /Users/alexquang/.npm/request/2.11.4/package/package.json written
188 http 200 https://registry.npmjs.org/libxmljs
189 verbose headers { server: 'CouchDB/1.6.1 (Erlang OTP/R16B03)',
189 verbose headers   etag: '"23F2XOUIWD2U16REF34JBVXKM"',
189 verbose headers   'content-type': 'application/json',
189 verbose headers   'content-encoding': 'gzip',
189 verbose headers   'cache-control': 'max-age=300',
189 verbose headers   'content-length': '5431',
189 verbose headers   'accept-ranges': 'bytes',
189 verbose headers   date: 'Wed, 10 Aug 2016 21:05:33 GMT',
189 verbose headers   via: '1.1 varnish',
189 verbose headers   age: '0',
189 verbose headers   connection: 'keep-alive',
189 verbose headers   'x-served-by': 'cache-sjc3147-SJC',
189 verbose headers   'x-cache': 'HIT',
189 verbose headers   'x-cache-hits': '1',
189 verbose headers   'x-timer': 'S1470863133.499114,VS0,VE344',
189 verbose headers   vary: 'Accept-Encoding' }
190 silly get cb [ 200,
190 silly get   { server: 'CouchDB/1.6.1 (Erlang OTP/R16B03)',
190 silly get     etag: '"23F2XOUIWD2U16REF34JBVXKM"',
190 silly get     'content-type': 'application/json',
190 silly get     'content-encoding': 'gzip',
190 silly get     'cache-control': 'max-age=300',
190 silly get     'content-length': '5431',
190 silly get     'accept-ranges': 'bytes',
190 silly get     date: 'Wed, 10 Aug 2016 21:05:33 GMT',
190 silly get     via: '1.1 varnish',
190 silly get     age: '0',
190 silly get     connection: 'keep-alive',
190 silly get     'x-served-by': 'cache-sjc3147-SJC',
190 silly get     'x-cache': 'HIT',
190 silly get     'x-cache-hits': '1',
190 silly get     'x-timer': 'S1470863133.499114,VS0,VE344',
190 silly get     vary: 'Accept-Encoding' } ]
191 verbose get saving libxmljs to /Users/alexquang/.npm/registry.npmjs.org/libxmljs/.cache.json
192 verbose correctMkdir /Users/alexquang/.npm correctMkdir not in flight; initializing
193 silly resolveWithNewModule libxmljs@0.6.1 checking installable status
194 silly cache add args [ 'libxmljs@~0.6.1', null ]
195 verbose cache add spec libxmljs@~0.6.1
196 silly cache add parsed spec Result {
196 silly cache add   raw: 'libxmljs@~0.6.1',
196 silly cache add   scope: null,
196 silly cache add   escapedName: 'libxmljs',
196 silly cache add   name: 'libxmljs',
196 silly cache add   rawSpec: '~0.6.1',
196 silly cache add   spec: '>=0.6.1 <0.7.0',
196 silly cache add   type: 'range' }
197 silly addNamed libxmljs@>=0.6.1 <0.7.0
198 verbose addNamed ">=0.6.1 <0.7.0" is a valid semver range for libxmljs
199 silly addNameRange { name: 'libxmljs', range: '>=0.6.1 <0.7.0', hasData: false }
200 silly mapToRegistry name libxmljs
201 silly mapToRegistry using default registry
202 silly mapToRegistry registry https://registry.npmjs.org/
203 silly mapToRegistry data Result {
203 silly mapToRegistry   raw: 'libxmljs',
203 silly mapToRegistry   scope: null,
203 silly mapToRegistry   escapedName: 'libxmljs',
203 silly mapToRegistry   name: 'libxmljs',
203 silly mapToRegistry   rawSpec: '',
203 silly mapToRegistry   spec: 'latest',
203 silly mapToRegistry   type: 'tag' }
204 silly mapToRegistry uri https://registry.npmjs.org/libxmljs
205 verbose addNameRange registry:https://registry.npmjs.org/libxmljs not in flight; fetching
206 verbose get https://registry.npmjs.org/libxmljs not expired, no request
207 silly addNameRange number 2 { name: 'libxmljs', range: '>=0.6.1 <0.7.0', hasData: true }
208 silly addNameRange versions [ 'libxmljs',
208 silly addNameRange   [ '0.4.1',
208 silly addNameRange     '0.4.2',
208 silly addNameRange     '0.4.3',
208 silly addNameRange     '0.5.0',
208 silly addNameRange     '0.5.1',
208 silly addNameRange     '0.5.2',
208 silly addNameRange     '0.5.3',
208 silly addNameRange     '0.5.4',
208 silly addNameRange     '0.6.0',
208 silly addNameRange     '0.6.1',
208 silly addNameRange     '0.7.0',
208 silly addNameRange     '0.7.1',
208 silly addNameRange     '0.8.0',
208 silly addNameRange     '0.8.1',
208 silly addNameRange     '0.9.0',
208 silly addNameRange     '0.10.0',
208 silly addNameRange     '0.11.0',
208 silly addNameRange     '0.11.1',
208 silly addNameRange     '0.12.0',
208 silly addNameRange     '0.13.0',
208 silly addNameRange     '0.14.0',
208 silly addNameRange     '0.14.1',
208 silly addNameRange     '0.14.2',
208 silly addNameRange     '0.14.3',
208 silly addNameRange     '0.15.0',
208 silly addNameRange     '0.16.0',
208 silly addNameRange     '0.16.1',
208 silly addNameRange     '0.17.0',
208 silly addNameRange     '0.17.1',
208 silly addNameRange     '0.18.0' ] ]
209 silly addNamed libxmljs@0.6.1
210 verbose addNamed "0.6.1" is a plain semver version for libxmljs
211 silly mapToRegistry name libxmljs
212 silly mapToRegistry using default registry
213 silly mapToRegistry registry https://registry.npmjs.org/
214 silly mapToRegistry data Result {
214 silly mapToRegistry   raw: 'libxmljs',
214 silly mapToRegistry   scope: null,
214 silly mapToRegistry   escapedName: 'libxmljs',
214 silly mapToRegistry   name: 'libxmljs',
214 silly mapToRegistry   rawSpec: '',
214 silly mapToRegistry   spec: 'latest',
214 silly mapToRegistry   type: 'tag' }
215 silly mapToRegistry uri https://registry.npmjs.org/libxmljs
216 verbose addRemoteTarball https://registry.npmjs.org/libxmljs/-/libxmljs-0.6.1.tgz not in flight; adding
217 verbose addRemoteTarball [ 'https://registry.npmjs.org/libxmljs/-/libxmljs-0.6.1.tgz',
217 verbose addRemoteTarball   'f8d280293fdc5d8c08dadb6918be493a7123ff98' ]
218 info retry fetch attempt 1 at 2:05:35 PM
219 info attempt registry request try #1 at 2:05:35 PM
220 http fetch GET https://registry.npmjs.org/libxmljs/-/libxmljs-0.6.1.tgz
221 verbose correctMkdir /Users/alexquang/.npm correctMkdir not in flight; initializing
222 verbose addBundled extract /Users/alexquang/.npm/request/2.11.4/package.tgz
223 verbose tar unpack /Users/alexquang/.npm/request/2.11.4/package.tgz
224 verbose tar unpacking to /var/folders/95/3l_f221j3tx0q0kyrfc1fq3h0000gn/T/npm-9942-e3fba1f9/unpack-ba590fde
225 silly gentlyRm /var/folders/95/3l_f221j3tx0q0kyrfc1fq3h0000gn/T/npm-9942-e3fba1f9/unpack-ba590fde is being purged
226 verbose gentlyRm don't care about contents; nuking /var/folders/95/3l_f221j3tx0q0kyrfc1fq3h0000gn/T/npm-9942-e3fba1f9/unpack-ba590fde
227 silly gunzTarPerm modes [ '755', '644' ]
228 silly gunzTarPerm extractEntry package.json
229 silly gunzTarPerm extractEntry README.md
230 silly gunzTarPerm extractEntry LICENSE
231 silly gunzTarPerm extractEntry main.js
232 silly gunzTarPerm extractEntry uuid.js
233 silly gunzTarPerm extractEntry oauth.js
234 silly gunzTarPerm extractEntry forever.js
235 silly gunzTarPerm extractEntry tunnel.js
236 silly gunzTarPerm extractEntry aws.js
237 silly gunzTarPerm extractEntry tests/test-https-strict.js
238 silly gunzTarPerm extractEntry tests/test-headers.js
239 silly gunzTarPerm extractEntry tests/test-httpModule.js
240 silly gunzTarPerm extractEntry tests/run.js
241 silly gunzTarPerm extractEntry tests/test-form.js
242 silly gunzTarPerm extractEntry tests/test-oauth.js
243 silly gunzTarPerm extractEntry tests/test-params.js
244 silly gunzTarPerm extractEntry tests/test-piped-redirect.js
245 silly gunzTarPerm extractEntry tests/test-pipes.js
246 silly gunzTarPerm extractEntry tests/test-pool.js
247 silly gunzTarPerm extractEntry tests/test-follow-all.js
248 silly gunzTarPerm extractEntry tests/test-protocol-changing-redirect.js
249 silly gunzTarPerm extractEntry tests/test-follow-all-303.js
250 silly gunzTarPerm extractEntry tests/test-proxy.js
251 silly gunzTarPerm extractEntry tests/test-errors.js
252 silly gunzTarPerm extractEntry tests/test-qs.js
253 silly gunzTarPerm extractEntry tests/test-defaults.js
254 silly gunzTarPerm extractEntry tests/test-redirect.js
255 silly gunzTarPerm extractEntry tests/test-cookiejar.js
256 silly gunzTarPerm extractEntry tests/test-s3.js
257 silly gunzTarPerm extractEntry tests/test-cookie.js
258 silly gunzTarPerm extractEntry tests/test-timeout.js
259 silly gunzTarPerm extractEntry tests/test-body.js
260 silly gunzTarPerm extractEntry tests/test-toJSON.js
261 silly gunzTarPerm extractEntry tests/server.js
262 silly gunzTarPerm extractEntry tests/test-tunnel.js
263 silly gunzTarPerm extractEntry tests/test-https.js
264 silly gunzTarPerm extractEntry tests/squid.conf
265 silly gunzTarPerm extractEntry tests/ssl/ca/server.js
266 silly gunzTarPerm extractEntry tests/ssl/ca/ca.srl
267 silly gunzTarPerm extractEntry tests/ssl/ca/ca.crt
268 silly gunzTarPerm extractEntry tests/ssl/ca/ca.csr
269 silly gunzTarPerm extractEntry tests/ssl/ca/ca.key
270 silly gunzTarPerm extractEntry tests/ssl/ca/ca.crl
271 silly gunzTarPerm extractEntry tests/ssl/ca/server.cnf
272 silly gunzTarPerm extractEntry tests/ssl/ca/server.crt
273 silly gunzTarPerm extractEntry tests/ssl/ca/server.csr
274 silly gunzTarPerm extractEntry tests/ssl/ca/ca.cnf
275 silly gunzTarPerm extractEntry tests/ssl/ca/server.key
276 silly gunzTarPerm extractEntry tests/ssl/npm-ca.crt
277 silly gunzTarPerm extractEntry tests/ssl/test.crt
278 silly gunzTarPerm extractEntry tests/ssl/test.key
279 silly gunzTarPerm extractEntry tests/googledoodle.png
280 silly gunzTarPerm extractEntry tests/unicycle.jpg
281 silly gunzTarPerm extractEntry vendor/cookie/index.js
282 silly gunzTarPerm extractEntry vendor/cookie/jar.js
283 silly gunzTarPerm extractEntry node_modules/form-data/package.json
284 silly gunzTarPerm extractEntry node_modules/form-data/.npmignore
285 silly gunzTarPerm extractEntry node_modules/form-data/lib/form_data.js
286 silly gunzTarPerm extractEntry node_modules/form-data/Makefile
287 silly gunzTarPerm extractEntry node_modules/form-data/node-form-data.sublime-project
288 silly gunzTarPerm extractEntry node_modules/form-data/node-form-data.sublime-workspace
289 silly gunzTarPerm extractEntry node_modules/form-data/Readme.md
290 silly gunzTarPerm extractEntry node_modules/form-data/test/common.js
291 silly gunzTarPerm extractEntry node_modules/form-data/test/run.js
292 silly gunzTarPerm extractEntry node_modules/form-data/test/fixture/bacon.txt
293 silly gunzTarPerm extractEntry node_modules/form-data/test/fixture/unicycle.jpg
294 silly gunzTarPerm extractEntry node_modules/form-data/test/integration/test-form-get-length.js
295 silly gunzTarPerm extractEntry node_modules/form-data/test/integration/test-get-boundary.js
296 silly gunzTarPerm extractEntry node_modules/form-data/test/integration/test-http-response.js
297 silly gunzTarPerm extractEntry node_modules/form-data/test/integration/test-pipe.js
298 silly gunzTarPerm extractEntry node_modules/form-data/test/integration/test-submit.js
299 silly gunzTarPerm extractEntry node_modules/form-data/node_modules/async/package.json
300 silly gunzTarPerm extractEntry node_modules/form-data/node_modules/async/README.md
301 silly gunzTarPerm extractEntry node_modules/form-data/node_modules/async/LICENSE
302 silly gunzTarPerm extractEntry node_modules/form-data/node_modules/async/index.js
303 silly gunzTarPerm extractEntry node_modules/form-data/node_modules/async/.gitmodules
304 silly gunzTarPerm extractEntry node_modules/form-data/node_modules/async/lib/async.js
305 silly gunzTarPerm extractEntry node_modules/form-data/node_modules/async/async.min.js.gzip
306 silly gunzTarPerm extractEntry node_modules/form-data/node_modules/async/Makefile
307 silly gunzTarPerm extractEntry node_modules/form-data/node_modules/async/nodelint.cfg
308 silly gunzTarPerm extractEntry node_modules/form-data/node_modules/async/deps/nodeunit.js
309 silly gunzTarPerm extractEntry node_modules/form-data/node_modules/async/deps/nodeunit.css
310 silly gunzTarPerm extractEntry node_modules/form-data/node_modules/async/dist/async.min.js
311 silly gunzTarPerm extractEntry node_modules/form-data/node_modules/async/test/test-async.js
312 silly gunzTarPerm extractEntry node_modules/form-data/node_modules/async/test/.swp
313 silly gunzTarPerm extractEntry node_modules/form-data/node_modules/async/test/test.html
314 silly gunzTarPerm extractEntry node_modules/form-data/node_modules/combined-stream/package.json
315 silly gunzTarPerm extractEntry node_modules/form-data/node_modules/combined-stream/.npmignore
316 silly gunzTarPerm extractEntry node_modules/form-data/node_modules/combined-stream/lib/combined_stream.js
317 silly gunzTarPerm extractEntry node_modules/form-data/node_modules/combined-stream/License
318 silly gunzTarPerm extractEntry node_modules/form-data/node_modules/combined-stream/Makefile
319 silly gunzTarPerm extractEntry node_modules/form-data/node_modules/combined-stream/Readme.md
320 silly gunzTarPerm extractEntry node_modules/form-data/node_modules/combined-stream/test/common.js
321 silly gunzTarPerm extractEntry node_modules/form-data/node_modules/combined-stream/test/run.js
322 silly gunzTarPerm extractEntry node_modules/form-data/node_modules/combined-stream/test/fixture/file1.txt
323 silly gunzTarPerm extractEntry node_modules/form-data/node_modules/combined-stream/test/fixture/file2.txt
324 silly gunzTarPerm extractEntry node_modules/form-data/node_modules/combined-stream/test/integration/test-callback-streams.js
325 silly gunzTarPerm extractEntry node_modules/form-data/node_modules/combined-stream/test/integration/test-data-size.js
326 silly gunzTarPerm extractEntry node_modules/form-data/node_modules/combined-stream/test/integration/test-delayed-streams-and-buffers-and-strings.js
327 silly gunzTarPerm extractEntry node_modules/form-data/node_modules/combined-stream/test/integration/test-delayed-streams.js
328 silly gunzTarPerm extractEntry node_modules/form-data/node_modules/combined-stream/test/integration/test-max-data-size.js
329 silly gunzTarPerm extractEntry node_modules/form-data/node_modules/combined-stream/test/integration/test-unpaused-streams.js
330 http fetch 200 https://registry.npmjs.org/libxmljs/-/libxmljs-0.6.1.tgz
331 silly gunzTarPerm extractEntry node_modules/form-data/node_modules/combined-stream/node_modules/delayed-stream/package.json
332 silly gunzTarPerm extractEntry node_modules/form-data/node_modules/combined-stream/node_modules/delayed-stream/.npmignore
333 silly gunzTarPerm extractEntry node_modules/form-data/node_modules/combined-stream/node_modules/delayed-stream/lib/delayed_stream.js
334 silly gunzTarPerm extractEntry node_modules/form-data/node_modules/combined-stream/node_modules/delayed-stream/License
335 silly gunzTarPerm extractEntry node_modules/form-data/node_modules/combined-stream/node_modules/delayed-stream/Makefile
336 silly gunzTarPerm extractEntry node_modules/form-data/node_modules/combined-stream/node_modules/delayed-stream/Readme.md
337 silly gunzTarPerm extractEntry node_modules/form-data/node_modules/combined-stream/node_modules/delayed-stream/test/common.js
338 silly gunzTarPerm extractEntry node_modules/form-data/node_modules/combined-stream/node_modules/delayed-stream/test/run.js
339 silly gunzTarPerm extractEntry node_modules/form-data/node_modules/combined-stream/node_modules/delayed-stream/test/integration/test-delayed-http-upload.js
340 silly gunzTarPerm extractEntry node_modules/form-data/node_modules/combined-stream/node_modules/delayed-stream/test/integration/test-delayed-stream-auto-pause.js
341 silly gunzTarPerm extractEntry node_modules/form-data/node_modules/combined-stream/node_modules/delayed-stream/test/integration/test-delayed-stream-pause.js
342 silly fetchAndShaCheck shasum f8d280293fdc5d8c08dadb6918be493a7123ff98
343 silly gunzTarPerm extractEntry node_modules/form-data/node_modules/combined-stream/node_modules/delayed-stream/test/integration/test-delayed-stream.js
344 silly gunzTarPerm extractEntry node_modules/form-data/node_modules/combined-stream/node_modules/delayed-stream/test/integration/test-handle-source-errors.js
345 verbose addTmpTarball /var/folders/95/3l_f221j3tx0q0kyrfc1fq3h0000gn/T/npm-9942-e3fba1f9/registry.npmjs.org/libxmljs/-/libxmljs-0.6.1.tgz not in flight; adding
346 verbose addTmpTarball already have metadata; skipping unpack for libxmljs@0.6.1
347 verbose correctMkdir /Users/alexquang/.npm correctMkdir not in flight; initializing
348 silly gunzTarPerm extractEntry node_modules/form-data/node_modules/combined-stream/node_modules/delayed-stream/test/integration/test-max-data-size.js
349 silly gunzTarPerm extractEntry node_modules/form-data/node_modules/combined-stream/node_modules/delayed-stream/test/integration/test-pipe-resumes.js
350 silly gunzTarPerm extractEntry node_modules/form-data/node_modules/combined-stream/node_modules/delayed-stream/test/integration/test-proxy-readable.js
351 silly gunzTarPerm extractEntry node_modules/mime/package.json
352 silly cache afterAdd libxmljs@0.6.1
353 verbose afterAdd /Users/alexquang/.npm/libxmljs/0.6.1/package/package.json not in flight; writing
354 verbose correctMkdir /Users/alexquang/.npm correctMkdir not in flight; initializing
355 silly gunzTarPerm extractEntry node_modules/mime/README.md
356 silly gunzTarPerm extractEntry node_modules/mime/LICENSE
357 verbose afterAdd /Users/alexquang/.npm/libxmljs/0.6.1/package/package.json written
358 silly gunzTarPerm extractEntry node_modules/mime/mime.js
359 silly gunzTarPerm extractEntry node_modules/mime/test.js
360 silly gunzTarPerm extractEntry node_modules/mime/types/mime.types
361 silly gunzTarPerm extractEntry node_modules/mime/types/node.types
362 silly addBundled read tarball
363 silly cleanup remove extracted module
364 silly fetchNamedPackageData bindings
365 silly mapToRegistry name bindings
366 silly mapToRegistry using default registry
367 silly mapToRegistry registry https://registry.npmjs.org/
368 silly mapToRegistry data Result {
368 silly mapToRegistry   raw: 'bindings',
368 silly mapToRegistry   scope: null,
368 silly mapToRegistry   escapedName: 'bindings',
368 silly mapToRegistry   name: 'bindings',
368 silly mapToRegistry   rawSpec: '',
368 silly mapToRegistry   spec: 'latest',
368 silly mapToRegistry   type: 'tag' }
369 silly mapToRegistry uri https://registry.npmjs.org/bindings
370 verbose request uri https://registry.npmjs.org/bindings
371 verbose request no auth needed
372 info attempt registry request try #1 at 2:05:35 PM
373 verbose etag "33TX4J3DNTGF7K41ZUV6OA182"
374 http request GET https://registry.npmjs.org/bindings
375 http 304 https://registry.npmjs.org/bindings
376 verbose headers { date: 'Wed, 10 Aug 2016 21:05:34 GMT',
376 verbose headers   via: '1.1 varnish',
376 verbose headers   'cache-control': 'max-age=300',
376 verbose headers   etag: '"33TX4J3DNTGF7K41ZUV6OA182"',
376 verbose headers   age: '8',
376 verbose headers   connection: 'keep-alive',
376 verbose headers   'x-served-by': 'cache-sjc3631-SJC',
376 verbose headers   'x-cache': 'HIT',
376 verbose headers   'x-cache-hits': '1',
376 verbose headers   'x-timer': 'S1470863134.107616,VS0,VE0',
376 verbose headers   vary: 'Accept-Encoding' }
377 silly get cb [ 304,
377 silly get   { date: 'Wed, 10 Aug 2016 21:05:34 GMT',
377 silly get     via: '1.1 varnish',
377 silly get     'cache-control': 'max-age=300',
377 silly get     etag: '"33TX4J3DNTGF7K41ZUV6OA182"',
377 silly get     age: '8',
377 silly get     connection: 'keep-alive',
377 silly get     'x-served-by': 'cache-sjc3631-SJC',
377 silly get     'x-cache': 'HIT',
377 silly get     'x-cache-hits': '1',
377 silly get     'x-timer': 'S1470863134.107616,VS0,VE0',
377 silly get     vary: 'Accept-Encoding' } ]
378 verbose etag https://registry.npmjs.org/bindings from cache
379 verbose get saving bindings to /Users/alexquang/.npm/registry.npmjs.org/bindings/.cache.json
380 verbose correctMkdir /Users/alexquang/.npm correctMkdir not in flight; initializing
381 silly resolveWithNewModule bindings@1.0.0 checking installable status
382 silly cache add args [ 'bindings@1.0.0', null ]
383 verbose cache add spec bindings@1.0.0
384 silly cache add parsed spec Result {
384 silly cache add   raw: 'bindings@1.0.0',
384 silly cache add   scope: null,
384 silly cache add   escapedName: 'bindings',
384 silly cache add   name: 'bindings',
384 silly cache add   rawSpec: '1.0.0',
384 silly cache add   spec: '1.0.0',
384 silly cache add   type: 'version' }
385 silly addNamed bindings@1.0.0
386 verbose addNamed "1.0.0" is a plain semver version for bindings
387 silly mapToRegistry name bindings
388 silly mapToRegistry using default registry
389 silly mapToRegistry registry https://registry.npmjs.org/
390 silly mapToRegistry data Result {
390 silly mapToRegistry   raw: 'bindings',
390 silly mapToRegistry   scope: null,
390 silly mapToRegistry   escapedName: 'bindings',
390 silly mapToRegistry   name: 'bindings',
390 silly mapToRegistry   rawSpec: '',
390 silly mapToRegistry   spec: 'latest',
390 silly mapToRegistry   type: 'tag' }
391 silly mapToRegistry uri https://registry.npmjs.org/bindings
392 verbose addNameVersion registry:https://registry.npmjs.org/bindings not in flight; fetching
393 verbose get https://registry.npmjs.org/bindings not expired, no request
394 silly mapToRegistry name bindings
395 silly mapToRegistry using default registry
396 silly mapToRegistry registry https://registry.npmjs.org/
397 silly mapToRegistry data Result {
397 silly mapToRegistry   raw: 'bindings',
397 silly mapToRegistry   scope: null,
397 silly mapToRegistry   escapedName: 'bindings',
397 silly mapToRegistry   name: 'bindings',
397 silly mapToRegistry   rawSpec: '',
397 silly mapToRegistry   spec: 'latest',
397 silly mapToRegistry   type: 'tag' }
398 silly mapToRegistry uri https://registry.npmjs.org/bindings
399 verbose addRemoteTarball https://registry.npmjs.org/bindings/-/bindings-1.0.0.tgz not in flight; adding
400 verbose addRemoteTarball [ 'https://registry.npmjs.org/bindings/-/bindings-1.0.0.tgz',
400 verbose addRemoteTarball   'c3ccde60e9de6807c6f1aa4ef4843af29191c828' ]
401 info retry fetch attempt 1 at 2:05:36 PM
402 info attempt registry request try #1 at 2:05:36 PM
403 http fetch GET https://registry.npmjs.org/bindings/-/bindings-1.0.0.tgz
404 http fetch 200 https://registry.npmjs.org/bindings/-/bindings-1.0.0.tgz
405 silly fetchAndShaCheck shasum c3ccde60e9de6807c6f1aa4ef4843af29191c828
406 verbose addTmpTarball /var/folders/95/3l_f221j3tx0q0kyrfc1fq3h0000gn/T/npm-9942-e3fba1f9/registry.npmjs.org/bindings/-/bindings-1.0.0.tgz not in flight; adding
407 verbose addTmpTarball already have metadata; skipping unpack for bindings@1.0.0
408 verbose correctMkdir /Users/alexquang/.npm correctMkdir not in flight; initializing
409 silly cache afterAdd bindings@1.0.0
410 verbose afterAdd /Users/alexquang/.npm/bindings/1.0.0/package/package.json not in flight; writing
411 verbose correctMkdir /Users/alexquang/.npm correctMkdir not in flight; initializing
412 verbose afterAdd /Users/alexquang/.npm/bindings/1.0.0/package/package.json written
413 silly loadAllDepsIntoIdealTree Finishing
414 silly loadIdealTree Finishing
415 silly currentTree expe_calc@1.0.0
415 silly currentTree ├── accepts@1.3.3
415 silly currentTree ├── array-flatten@1.1.1
415 silly currentTree ├── body-parser@1.15.2
415 silly currentTree ├── bytes@2.4.0
415 silly currentTree ├── content-disposition@0.5.1
415 silly currentTree ├── content-type@1.0.2
415 silly currentTree ├── cookie-signature@1.0.6
415 silly currentTree ├── cookie@0.3.1
415 silly currentTree ├── debug@2.2.0
415 silly currentTree ├── depd@1.1.0
415 silly currentTree ├── destroy@1.0.4
415 silly currentTree ├── ee-first@1.1.1
415 silly currentTree ├── encodeurl@1.0.1
415 silly currentTree ├── escape-html@1.0.3
415 silly currentTree ├── etag@1.7.0
415 silly currentTree ├── express@4.14.0
415 silly currentTree ├── finalhandler@0.5.0
415 silly currentTree ├── forwarded@0.1.0
415 silly currentTree ├── fresh@0.3.0
415 silly currentTree ├── http-errors@1.5.0
415 silly currentTree ├── iconv-lite@0.4.13
415 silly currentTree ├── inherits@2.0.1
415 silly currentTree ├── ipaddr.js@1.1.1
415 silly currentTree ├── media-typer@0.3.0
415 silly currentTree ├── merge-descriptors@1.0.1
415 silly currentTree ├── methods@1.1.2
415 silly currentTree ├── mime-db@1.23.0
415 silly currentTree ├── mime-types@2.1.11
415 silly currentTree ├── mime@1.3.4
415 silly currentTree ├── ms@0.7.1
415 silly currentTree ├── negotiator@0.6.1
415 silly currentTree ├── on-finished@2.3.0
415 silly currentTree ├── parseurl@1.3.1
415 silly currentTree ├── path-to-regexp@0.1.7
415 silly currentTree ├── proxy-addr@1.1.2
415 silly currentTree ├── qs@6.2.0
415 silly currentTree ├── range-parser@1.2.0
415 silly currentTree ├── raw-body@2.1.7
415 silly currentTree ├── send@0.14.1
415 silly currentTree ├── serve-static@1.11.1
415 silly currentTree ├── setprototypeof@1.0.1
415 silly currentTree ├── statuses@1.3.0
415 silly currentTree ├── type-is@1.6.13
415 silly currentTree ├── unpipe@1.0.0
415 silly currentTree ├── utils-merge@1.0.0
415 silly currentTree └── vary@1.1.0
416 silly idealTree expe_calc@1.0.0
416 silly idealTree ├── accepts@1.3.3
416 silly idealTree ├── array-flatten@1.1.1
416 silly idealTree ├── bart-api@0.0.0
416 silly idealTree ├── bindings@1.0.0
416 silly idealTree ├── body-parser@1.15.2
416 silly idealTree ├── bytes@2.4.0
416 silly idealTree ├── content-disposition@0.5.1
416 silly idealTree ├── content-type@1.0.2
416 silly idealTree ├── cookie-signature@1.0.6
416 silly idealTree ├── cookie@0.3.1
416 silly idealTree ├── debug@2.2.0
416 silly idealTree ├── depd@1.1.0
416 silly idealTree ├── destroy@1.0.4
416 silly idealTree ├── ee-first@1.1.1
416 silly idealTree ├── encodeurl@1.0.1
416 silly idealTree ├── escape-html@1.0.3
416 silly idealTree ├── etag@1.7.0
416 silly idealTree ├── express@4.14.0
416 silly idealTree ├── finalhandler@0.5.0
416 silly idealTree ├── forwarded@0.1.0
416 silly idealTree ├── fresh@0.3.0
416 silly idealTree ├── http-errors@1.5.0
416 silly idealTree ├── iconv-lite@0.4.13
416 silly idealTree ├── inherits@2.0.1
416 silly idealTree ├── ipaddr.js@1.1.1
416 silly idealTree ├── libxmljs@0.6.1
416 silly idealTree ├── media-typer@0.3.0
416 silly idealTree ├── merge-descriptors@1.0.1
416 silly idealTree ├── methods@1.1.2
416 silly idealTree ├── mime-db@1.23.0
416 silly idealTree ├── mime-types@2.1.11
416 silly idealTree ├── mime@1.3.4
416 silly idealTree ├── ms@0.7.1
416 silly idealTree ├── negotiator@0.6.1
416 silly idealTree ├── on-finished@2.3.0
416 silly idealTree ├── parseurl@1.3.1
416 silly idealTree ├── path-to-regexp@0.1.7
416 silly idealTree ├── proxy-addr@1.1.2
416 silly idealTree ├── qs@6.2.0
416 silly idealTree ├── querystring@0.1.0
416 silly idealTree ├── range-parser@1.2.0
416 silly idealTree ├── raw-body@2.1.7
416 silly idealTree ├─┬ request@2.11.4
416 silly idealTree │ ├─┬ form-data@0.0.3
416 silly idealTree │ │ ├── async@0.1.9
416 silly idealTree │ │ └─┬ combined-stream@0.0.3
416 silly idealTree │ │   └── delayed-stream@0.0.5
416 silly idealTree │ └── mime@1.2.7
416 silly idealTree ├── send@0.14.1
416 silly idealTree ├── serve-static@1.11.1
416 silly idealTree ├── setprototypeof@1.0.1
416 silly idealTree ├── statuses@1.3.0
416 silly idealTree ├── type-is@1.6.13
416 silly idealTree ├── unpipe@1.0.0
416 silly idealTree ├── utils-merge@1.0.0
416 silly idealTree └── vary@1.1.0
417 silly generateActionsToTake Starting
418 silly install generateActionsToTake
419 silly generateActionsToTake Finishing
420 silly diffTrees action count 10
421 silly diffTrees add bindings@1.0.0
422 silly diffTrees add async@0.1.9
423 silly diffTrees add delayed-stream@0.0.5
424 silly diffTrees add combined-stream@0.0.3
425 silly diffTrees add mime@1.2.7
426 silly diffTrees add form-data@0.0.3
427 silly diffTrees add libxmljs@0.6.1
428 silly diffTrees add querystring@0.1.0
429 silly diffTrees add request@2.11.4
430 silly diffTrees add bart-api@0.0.0
431 silly decomposeActions action count 65
432 silly decomposeActions fetch bindings@1.0.0
433 silly decomposeActions extract bindings@1.0.0
434 silly decomposeActions test bindings@1.0.0
435 silly decomposeActions preinstall bindings@1.0.0
436 silly decomposeActions build bindings@1.0.0
437 silly decomposeActions install bindings@1.0.0
438 silly decomposeActions postinstall bindings@1.0.0
439 silly decomposeActions finalize bindings@1.0.0
440 silly decomposeActions preinstall async@0.1.9
441 silly decomposeActions build async@0.1.9
442 silly decomposeActions install async@0.1.9
443 silly decomposeActions postinstall async@0.1.9
444 silly decomposeActions finalize async@0.1.9
445 silly decomposeActions preinstall delayed-stream@0.0.5
446 silly decomposeActions build delayed-stream@0.0.5
447 silly decomposeActions install delayed-stream@0.0.5
448 silly decomposeActions postinstall delayed-stream@0.0.5
449 silly decomposeActions finalize delayed-stream@0.0.5
450 silly decomposeActions preinstall combined-stream@0.0.3
451 silly decomposeActions build combined-stream@0.0.3
452 silly decomposeActions install combined-stream@0.0.3
453 silly decomposeActions postinstall combined-stream@0.0.3
454 silly decomposeActions finalize combined-stream@0.0.3
455 silly decomposeActions preinstall mime@1.2.7
456 silly decomposeActions build mime@1.2.7
457 silly decomposeActions install mime@1.2.7
458 silly decomposeActions postinstall mime@1.2.7
459 silly decomposeActions finalize mime@1.2.7
460 silly decomposeActions preinstall form-data@0.0.3
461 silly decomposeActions build form-data@0.0.3
462 silly decomposeActions install form-data@0.0.3
463 silly decomposeActions postinstall form-data@0.0.3
464 silly decomposeActions finalize form-data@0.0.3
465 silly decomposeActions fetch libxmljs@0.6.1
466 silly decomposeActions extract libxmljs@0.6.1
467 silly decomposeActions test libxmljs@0.6.1
468 silly decomposeActions preinstall libxmljs@0.6.1
469 silly decomposeActions build libxmljs@0.6.1
470 silly decomposeActions install libxmljs@0.6.1
471 silly decomposeActions postinstall libxmljs@0.6.1
472 silly decomposeActions finalize libxmljs@0.6.1
473 silly decomposeActions fetch querystring@0.1.0
474 silly decomposeActions extract querystring@0.1.0
475 silly decomposeActions test querystring@0.1.0
476 silly decomposeActions preinstall querystring@0.1.0
477 silly decomposeActions build querystring@0.1.0
478 silly decomposeActions install querystring@0.1.0
479 silly decomposeActions postinstall querystring@0.1.0
480 silly decomposeActions finalize querystring@0.1.0
481 silly decomposeActions fetch request@2.11.4
482 silly decomposeActions extract request@2.11.4
483 silly decomposeActions test request@2.11.4
484 silly decomposeActions preinstall request@2.11.4
485 silly decomposeActions build request@2.11.4
486 silly decomposeActions install request@2.11.4
487 silly decomposeActions postinstall request@2.11.4
488 silly decomposeActions finalize request@2.11.4
489 silly decomposeActions fetch bart-api@0.0.0
490 silly decomposeActions extract bart-api@0.0.0
491 silly decomposeActions test bart-api@0.0.0
492 silly decomposeActions preinstall bart-api@0.0.0
493 silly decomposeActions build bart-api@0.0.0
494 silly decomposeActions install bart-api@0.0.0
495 silly decomposeActions postinstall bart-api@0.0.0
496 silly decomposeActions finalize bart-api@0.0.0
497 silly executeActions Starting
498 silly install executeActions
499 silly doSerial global-install 0
500 silly doParallel fetch 5
501 verbose correctMkdir /Users/alexquang/.npm/_locks correctMkdir not in flight; initializing
502 verbose lock using /Users/alexquang/.npm/_locks/staging-29fcd573abaa1f7d.lock for /Users/alexquang/Documents/programming/algorithms/expe_calc/node_modules/.staging
503 silly doParallel extract 5
504 silly extract bindings@1.0.0
505 silly extract libxmljs@0.6.1
506 silly extract querystring@0.1.0
507 silly extract request@2.11.4
508 silly extract bart-api@0.0.0
509 verbose unbuild node_modules/.staging/libxmljs-1b152c1a
510 verbose unbuild node_modules/.staging/bindings-8576e455
511 verbose unbuild node_modules/.staging/querystring-5c4ae75d
512 verbose unbuild node_modules/.staging/request-5952b748
513 verbose unbuild node_modules/.staging/bart-api-14884056
514 silly gentlyRm /Users/alexquang/Documents/programming/algorithms/expe_calc/node_modules/.staging/libxmljs-1b152c1a is being purged from base /Users/alexquang/Documents/programming/algorithms/expe_calc
515 verbose gentlyRm don't care about contents; nuking /Users/alexquang/Documents/programming/algorithms/expe_calc/node_modules/.staging/libxmljs-1b152c1a
516 silly gentlyRm /Users/alexquang/Documents/programming/algorithms/expe_calc/node_modules/.staging/bindings-8576e455 is being purged from base /Users/alexquang/Documents/programming/algorithms/expe_calc
517 verbose gentlyRm don't care about contents; nuking /Users/alexquang/Documents/programming/algorithms/expe_calc/node_modules/.staging/bindings-8576e455
518 silly gentlyRm /Users/alexquang/Documents/programming/algorithms/expe_calc/node_modules/.staging/querystring-5c4ae75d is being purged from base /Users/alexquang/Documents/programming/algorithms/expe_calc
519 verbose gentlyRm don't care about contents; nuking /Users/alexquang/Documents/programming/algorithms/expe_calc/node_modules/.staging/querystring-5c4ae75d
520 silly gentlyRm /Users/alexquang/Documents/programming/algorithms/expe_calc/node_modules/.staging/request-5952b748 is being purged from base /Users/alexquang/Documents/programming/algorithms/expe_calc
521 verbose gentlyRm don't care about contents; nuking /Users/alexquang/Documents/programming/algorithms/expe_calc/node_modules/.staging/request-5952b748
522 silly gentlyRm /Users/alexquang/Documents/programming/algorithms/expe_calc/node_modules/.staging/bart-api-14884056 is being purged from base /Users/alexquang/Documents/programming/algorithms/expe_calc
523 verbose gentlyRm don't care about contents; nuking /Users/alexquang/Documents/programming/algorithms/expe_calc/node_modules/.staging/bart-api-14884056
524 verbose tar unpack /Users/alexquang/.npm/libxmljs/0.6.1/package.tgz
525 verbose tar unpacking to /Users/alexquang/Documents/programming/algorithms/expe_calc/node_modules/.staging/libxmljs-1b152c1a
526 silly gentlyRm /Users/alexquang/Documents/programming/algorithms/expe_calc/node_modules/.staging/libxmljs-1b152c1a is being purged
527 verbose gentlyRm don't care about contents; nuking /Users/alexquang/Documents/programming/algorithms/expe_calc/node_modules/.staging/libxmljs-1b152c1a
528 verbose tar unpack /Users/alexquang/.npm/bindings/1.0.0/package.tgz
529 verbose tar unpacking to /Users/alexquang/Documents/programming/algorithms/expe_calc/node_modules/.staging/bindings-8576e455
530 silly gentlyRm /Users/alexquang/Documents/programming/algorithms/expe_calc/node_modules/.staging/bindings-8576e455 is being purged
531 verbose gentlyRm don't care about contents; nuking /Users/alexquang/Documents/programming/algorithms/expe_calc/node_modules/.staging/bindings-8576e455
532 verbose tar unpack /Users/alexquang/.npm/querystring/0.1.0/package.tgz
533 verbose tar unpacking to /Users/alexquang/Documents/programming/algorithms/expe_calc/node_modules/.staging/querystring-5c4ae75d
534 silly gentlyRm /Users/alexquang/Documents/programming/algorithms/expe_calc/node_modules/.staging/querystring-5c4ae75d is being purged
535 verbose gentlyRm don't care about contents; nuking /Users/alexquang/Documents/programming/algorithms/expe_calc/node_modules/.staging/querystring-5c4ae75d
536 verbose tar unpack /Users/alexquang/.npm/request/2.11.4/package.tgz
537 verbose tar unpacking to /Users/alexquang/Documents/programming/algorithms/expe_calc/node_modules/.staging/request-5952b748
538 silly gentlyRm /Users/alexquang/Documents/programming/algorithms/expe_calc/node_modules/.staging/request-5952b748 is being purged
539 verbose gentlyRm don't care about contents; nuking /Users/alexquang/Documents/programming/algorithms/expe_calc/node_modules/.staging/request-5952b748
540 verbose tar unpack /Users/alexquang/.npm/bart-api/0.0.0/package.tgz
541 verbose tar unpacking to /Users/alexquang/Documents/programming/algorithms/expe_calc/node_modules/.staging/bart-api-14884056
542 silly gentlyRm /Users/alexquang/Documents/programming/algorithms/expe_calc/node_modules/.staging/bart-api-14884056 is being purged
543 verbose gentlyRm don't care about contents; nuking /Users/alexquang/Documents/programming/algorithms/expe_calc/node_modules/.staging/bart-api-14884056
544 silly gunzTarPerm modes [ '755', '644' ]
545 silly gunzTarPerm modes [ '755', '644' ]
546 silly gunzTarPerm modes [ '755', '644' ]
547 silly gunzTarPerm modes [ '755', '644' ]
548 silly gunzTarPerm modes [ '755', '644' ]
549 silly gunzTarPerm extractEntry package.json
550 silly gunzTarPerm modified mode [ 'package.json', 438, 420 ]
551 silly gunzTarPerm extractEntry package.json
552 silly gunzTarPerm extractEntry .History.md.un~
553 silly gunzTarPerm extractEntry package.json
554 silly gunzTarPerm extractEntry package.json
555 silly gunzTarPerm modified mode [ 'package.json', 438, 420 ]
556 silly gunzTarPerm extractEntry .npmignore
557 silly gunzTarPerm modified mode [ '.npmignore', 438, 420 ]
558 silly gunzTarPerm extractEntry README.md
559 silly gunzTarPerm modified mode [ 'README.md', 438, 420 ]
560 silly gunzTarPerm extractEntry README.md
561 silly gunzTarPerm extractEntry bindings.js
562 silly gunzTarPerm extractEntry .package.json.un~
563 silly gunzTarPerm extractEntry README.md
564 silly gunzTarPerm extractEntry LICENSE
565 silly gunzTarPerm extractEntry README.md
566 silly gunzTarPerm modified mode [ 'README.md', 438, 420 ]
567 silly gunzTarPerm extractEntry index.js
568 silly gunzTarPerm modified mode [ 'index.js', 438, 420 ]
569 silly gunzTarPerm extractEntry History.md
570 silly gunzTarPerm extractEntry LICENSE
571 silly gunzTarPerm modified mode [ 'LICENSE', 438, 420 ]
572 silly gunzTarPerm extractEntry index.js
573 silly gunzTarPerm modified mode [ 'index.js', 438, 420 ]
574 silly gunzTarPerm extractEntry package.json
575 silly gunzTarPerm extractEntry querystring.js
576 silly gunzTarPerm extractEntry main.js
577 silly gunzTarPerm extractEntry example/sfia-pitt.js
578 silly gunzTarPerm modified mode [ 'example/sfia-pitt.js', 438, 420 ]
579 silly gunzTarPerm extractEntry lib/bindings.js
580 silly gunzTarPerm modified mode [ 'lib/bindings.js', 438, 420 ]
581 silly gunzTarPerm extractEntry lib/document.js
582 silly gunzTarPerm modified mode [ 'lib/document.js', 438, 420 ]
583 silly gunzTarPerm extractEntry Readme.md
584 silly gunzTarPerm extractEntry tests/.test-querystring.js.un~
585 silly gunzTarPerm extractEntry uuid.js
586 silly gunzTarPerm extractEntry oauth.js
587 silly gunzTarPerm extractEntry lib/element.js
588 silly gunzTarPerm modified mode [ 'lib/element.js', 438, 420 ]
589 silly gunzTarPerm extractEntry lib/sax_parser.js
590 silly gunzTarPerm modified mode [ 'lib/sax_parser.js', 438, 420 ]
591 silly gunzTarPerm extractEntry .travis.yml
592 silly gunzTarPerm modified mode [ '.travis.yml', 438, 420 ]
593 silly gunzTarPerm extractEntry Makefile
594 silly gunzTarPerm modified mode [ 'Makefile', 438, 420 ]
595 silly gunzTarPerm extractEntry docs/_Sidebar.md
596 silly gunzTarPerm modified mode [ 'docs/_Sidebar.md', 438, 420 ]
597 silly gunzTarPerm extractEntry docs/api/Attribute.md
598 silly gunzTarPerm modified mode [ 'docs/api/Attribute.md', 438, 420 ]
599 silly gunzTarPerm extractEntry docs/api/Element.md
600 silly gunzTarPerm modified mode [ 'docs/api/Element.md', 438, 420 ]
601 silly gunzTarPerm extractEntry docs/api/HtmlDocument.md
602 silly gunzTarPerm modified mode [ 'docs/api/HtmlDocument.md', 438, 420 ]
603 silly gunzTarPerm extractEntry docs/api/Libxmljs.md
604 silly gunzTarPerm modified mode [ 'docs/api/Libxmljs.md', 438, 420 ]
605 silly gunzTarPerm extractEntry docs/api/Namespace.md
606 silly gunzTarPerm modified mode [ 'docs/api/Namespace.md', 438, 420 ]
607 silly gunzTarPerm extractEntry docs/api/Parser.md
608 silly gunzTarPerm modified mode [ 'docs/api/Parser.md', 438, 420 ]
609 silly gunzTarPerm extractEntry docs/api/SaxParser.md
610 silly gunzTarPerm modified mode [ 'docs/api/SaxParser.md', 438, 420 ]
611 silly gunzTarPerm extractEntry docs/api/SaxPushParser.md
612 silly gunzTarPerm modified mode [ 'docs/api/SaxPushParser.md', 438, 420 ]
613 silly gunzTarPerm extractEntry docs/api/SyntaxError.md
614 silly gunzTarPerm modified mode [ 'docs/api/SyntaxError.md', 438, 420 ]
615 silly gunzTarPerm extractEntry docs/api/XmlDocument.md
616 silly gunzTarPerm modified mode [ 'docs/api/XmlDocument.md', 438, 420 ]
617 silly gunzTarPerm extractEntry docs/Home.md
618 silly gunzTarPerm modified mode [ 'docs/Home.md', 438, 420 ]
619 silly gunzTarPerm extractEntry binding.gyp
620 silly gunzTarPerm modified mode [ 'binding.gyp', 438, 420 ]
621 silly gunzTarPerm extractEntry src/xml_namespace.cc
622 silly gunzTarPerm modified mode [ 'src/xml_namespace.cc', 438, 420 ]
623 silly gunzTarPerm extractEntry src/html_document.cc
624 silly gunzTarPerm modified mode [ 'src/html_document.cc', 438, 420 ]
625 silly gunzTarPerm extractEntry src/libxmljs.cc
626 silly gunzTarPerm modified mode [ 'src/libxmljs.cc', 438, 420 ]
627 silly gunzTarPerm extractEntry src/libxmljs.h
628 silly gunzTarPerm modified mode [ 'src/libxmljs.h', 438, 420 ]
629 silly gunzTarPerm extractEntry src/xml_attribute.cc
630 silly gunzTarPerm modified mode [ 'src/xml_attribute.cc', 438, 420 ]
631 silly gunzTarPerm extractEntry src/xml_attribute.h
632 silly gunzTarPerm modified mode [ 'src/xml_attribute.h', 438, 420 ]
633 silly gunzTarPerm extractEntry src/xml_document.cc
634 silly gunzTarPerm modified mode [ 'src/xml_document.cc', 438, 420 ]
635 silly gunzTarPerm extractEntry src/xml_document.h
636 silly gunzTarPerm modified mode [ 'src/xml_document.h', 438, 420 ]
637 silly gunzTarPerm extractEntry src/xml_element.cc
638 silly gunzTarPerm modified mode [ 'src/xml_element.cc', 438, 420 ]
639 silly gunzTarPerm extractEntry src/xml_element.h
640 silly gunzTarPerm modified mode [ 'src/xml_element.h', 438, 420 ]
641 silly gunzTarPerm extractEntry src/html_document.h
642 silly gunzTarPerm modified mode [ 'src/html_document.h', 438, 420 ]
643 silly gunzTarPerm extractEntry src/xml_namespace.h
644 silly gunzTarPerm modified mode [ 'src/xml_namespace.h', 438, 420 ]
645 silly gunzTarPerm extractEntry src/xml_node.cc
646 silly gunzTarPerm modified mode [ 'src/xml_node.cc', 438, 420 ]
647 silly gunzTarPerm extractEntry src/xml_node.h
648 silly gunzTarPerm modified mode [ 'src/xml_node.h', 438, 420 ]
649 silly gunzTarPerm extractEntry src/xml_sax_parser.cc
650 silly gunzTarPerm modified mode [ 'src/xml_sax_parser.cc', 438, 420 ]
651 silly gunzTarPerm extractEntry src/xml_sax_parser.h
652 silly gunzTarPerm modified mode [ 'src/xml_sax_parser.h', 438, 420 ]
653 silly gunzTarPerm extractEntry src/xml_syntax_error.cc
654 silly gunzTarPerm modified mode [ 'src/xml_syntax_error.cc', 438, 420 ]
655 silly gunzTarPerm extractEntry src/xml_syntax_error.h
656 silly gunzTarPerm modified mode [ 'src/xml_syntax_error.h', 438, 420 ]
657 silly gunzTarPerm extractEntry src/xml_xpath_context.cc
658 silly gunzTarPerm modified mode [ 'src/xml_xpath_context.cc', 438, 420 ]
659 silly gunzTarPerm extractEntry src/xml_xpath_context.h
660 silly gunzTarPerm modified mode [ 'src/xml_xpath_context.h', 438, 420 ]
661 silly gunzTarPerm extractEntry test/attribute.js
662 silly gunzTarPerm modified mode [ 'test/attribute.js', 438, 420 ]
663 silly gunzTarPerm extractEntry test/xml_parser.js
664 silly gunzTarPerm modified mode [ 'test/xml_parser.js', 438, 420 ]
665 silly gunzTarPerm extractEntry test/html_parser.js
666 silly gunzTarPerm modified mode [ 'test/html_parser.js', 438, 420 ]
667 silly gunzTarPerm extractEntry test/main.js
668 silly gunzTarPerm modified mode [ 'test/main.js', 438, 420 ]
669 silly gunzTarPerm extractEntry test/element.js
670 silly gunzTarPerm modified mode [ 'test/element.js', 438, 420 ]
671 silly gunzTarPerm extractEntry test/document.js
672 silly gunzTarPerm modified mode [ 'test/document.js', 438, 420 ]
673 silly gunzTarPerm extractEntry test/ref_integrity.js
674 silly gunzTarPerm modified mode [ 'test/ref_integrity.js', 438, 420 ]
675 silly gunzTarPerm extractEntry test/searching.js
676 silly gunzTarPerm modified mode [ 'test/searching.js', 438, 420 ]
677 silly gunzTarPerm extractEntry test/text_node.js
678 silly gunzTarPerm modified mode [ 'test/text_node.js', 438, 420 ]
679 silly gunzTarPerm extractEntry test/traversal.js
680 silly gunzTarPerm modified mode [ 'test/traversal.js', 438, 420 ]
681 silly gunzTarPerm extractEntry test/namespace.js
682 silly gunzTarPerm modified mode [ 'test/namespace.js', 438, 420 ]
683 silly gunzTarPerm extractEntry test/xml_sax_parser.js
684 silly gunzTarPerm modified mode [ 'test/xml_sax_parser.js', 438, 420 ]
685 silly gunzTarPerm extractEntry test/node_attributes.js
686 silly gunzTarPerm modified mode [ 'test/node_attributes.js', 438, 420 ]
687 silly gunzTarPerm extractEntry test/fixtures/errors/comment.xml
688 silly gunzTarPerm modified mode [ 'test/fixtures/errors/comment.xml', 438, 420 ]
689 silly gunzTarPerm extractEntry test/fixtures/parser-utf16.xml
690 silly gunzTarPerm modified mode [ 'test/fixtures/parser-utf16.xml', 438, 420 ]
691 silly gunzTarPerm extractEntry test/fixtures/parser.html
692 silly gunzTarPerm modified mode [ 'test/fixtures/parser.html', 438, 420 ]
693 silly gunzTarPerm extractEntry test/fixtures/parser.xml
694 silly gunzTarPerm modified mode [ 'test/fixtures/parser.xml', 438, 420 ]
695 silly gunzTarPerm extractEntry test/fixtures/sax_parser.xml
696 silly gunzTarPerm modified mode [ 'test/fixtures/sax_parser.xml', 438, 420 ]
697 silly gunzTarPerm extractEntry test/fixtures/warnings/amp.html
698 silly gunzTarPerm modified mode [ 'test/fixtures/warnings/amp.html', 438, 420 ]
699 silly gunzTarPerm extractEntry test/fixtures/warnings/ent9.xml
700 silly gunzTarPerm modified mode [ 'test/fixtures/warnings/ent9.xml', 438, 420 ]
701 silly gunzTarPerm extractEntry wscript
702 silly gunzTarPerm modified mode [ 'wscript', 438, 420 ]
703 silly gunzTarPerm extractEntry tests/test-querystring.js
704 silly gunzTarPerm extractEntry forever.js
705 silly gunzTarPerm extractEntry tunnel.js
706 silly gunzTarPerm extractEntry aws.js
707 silly gunzTarPerm extractEntry tests/test-https-strict.js
708 silly gunzTarPerm extractEntry tests/test-headers.js
709 silly gunzTarPerm extractEntry tests/test-httpModule.js
710 silly gentlyRm /Users/alexquang/Documents/programming/algorithms/expe_calc/node_modules/.staging/bindings-8576e455/node_modules is being purged
711 verbose gentlyRm don't care about contents; nuking /Users/alexquang/Documents/programming/algorithms/expe_calc/node_modules/.staging/bindings-8576e455/node_modules
712 silly gunzTarPerm extractEntry tests/run.js
713 silly gunzTarPerm extractEntry tests/test-form.js
714 silly gentlyRm /Users/alexquang/Documents/programming/algorithms/expe_calc/node_modules/.staging/bart-api-14884056/node_modules is being purged
715 verbose gentlyRm don't care about contents; nuking /Users/alexquang/Documents/programming/algorithms/expe_calc/node_modules/.staging/bart-api-14884056/node_modules
716 silly gunzTarPerm extractEntry tests/test-oauth.js
717 silly gunzTarPerm extractEntry tests/test-params.js
718 silly gunzTarPerm extractEntry tests/test-piped-redirect.js
719 silly gunzTarPerm extractEntry tests/test-pipes.js
720 silly gunzTarPerm extractEntry tests/test-pool.js
721 silly gunzTarPerm extractEntry tests/test-follow-all.js
722 silly gunzTarPerm extractEntry tests/test-protocol-changing-redirect.js
723 silly gunzTarPerm extractEntry tests/test-follow-all-303.js
724 silly gentlyRm /Users/alexquang/Documents/programming/algorithms/expe_calc/node_modules/.staging/querystring-5c4ae75d/node_modules is being purged
725 verbose gentlyRm don't care about contents; nuking /Users/alexquang/Documents/programming/algorithms/expe_calc/node_modules/.staging/querystring-5c4ae75d/node_modules
726 silly gunzTarPerm extractEntry tests/test-proxy.js
727 silly gunzTarPerm extractEntry tests/test-errors.js
728 silly gunzTarPerm extractEntry tests/test-qs.js
729 silly gunzTarPerm extractEntry tests/test-defaults.js
730 silly gunzTarPerm extractEntry tests/test-redirect.js
731 silly gunzTarPerm extractEntry tests/test-cookiejar.js
732 silly gunzTarPerm extractEntry tests/test-s3.js
733 silly gunzTarPerm extractEntry tests/test-cookie.js
734 silly gunzTarPerm extractEntry tests/test-timeout.js
735 silly gunzTarPerm extractEntry tests/test-body.js
736 silly gunzTarPerm extractEntry tests/test-toJSON.js
737 silly gunzTarPerm extractEntry tests/server.js
738 silly gunzTarPerm extractEntry tests/test-tunnel.js
739 silly gunzTarPerm extractEntry tests/test-https.js
740 silly gunzTarPerm extractEntry tests/squid.conf
741 silly gunzTarPerm extractEntry tests/ssl/ca/server.js
742 silly gunzTarPerm extractEntry tests/ssl/ca/ca.srl
743 silly gunzTarPerm extractEntry tests/ssl/ca/ca.crt
744 silly gunzTarPerm extractEntry tests/ssl/ca/ca.csr
745 silly gunzTarPerm extractEntry tests/ssl/ca/ca.key
746 silly gunzTarPerm extractEntry tests/ssl/ca/ca.crl
747 silly gunzTarPerm extractEntry tests/ssl/ca/server.cnf
748 silly gunzTarPerm extractEntry tests/ssl/ca/server.crt
749 silly gunzTarPerm extractEntry tests/ssl/ca/server.csr
750 silly gunzTarPerm extractEntry tests/ssl/ca/ca.cnf
751 silly gunzTarPerm extractEntry tests/ssl/ca/server.key
752 silly gunzTarPerm extractEntry tests/ssl/npm-ca.crt
753 silly gunzTarPerm extractEntry tests/ssl/test.crt
754 silly gunzTarPerm extractEntry tests/ssl/test.key
755 silly gunzTarPerm extractEntry tests/googledoodle.png
756 silly gunzTarPerm extractEntry tests/unicycle.jpg
757 silly gunzTarPerm extractEntry vendor/cookie/index.js
758 silly gunzTarPerm extractEntry vendor/cookie/jar.js
759 silly gunzTarPerm extractEntry node_modules/form-data/package.json
760 silly gunzTarPerm extractEntry node_modules/form-data/.npmignore
761 silly gunzTarPerm extractEntry node_modules/form-data/lib/form_data.js
762 silly gunzTarPerm extractEntry node_modules/form-data/Makefile
763 silly gunzTarPerm extractEntry node_modules/form-data/node-form-data.sublime-project
764 silly gunzTarPerm extractEntry node_modules/form-data/node-form-data.sublime-workspace
765 silly gunzTarPerm extractEntry node_modules/form-data/Readme.md
766 silly gunzTarPerm extractEntry node_modules/form-data/test/common.js
767 silly gunzTarPerm extractEntry node_modules/form-data/test/run.js
768 silly gunzTarPerm extractEntry node_modules/form-data/test/fixture/bacon.txt
769 silly gunzTarPerm extractEntry node_modules/form-data/test/fixture/unicycle.jpg
770 silly gunzTarPerm extractEntry node_modules/form-data/test/integration/test-form-get-length.js
771 silly gunzTarPerm extractEntry node_modules/form-data/test/integration/test-get-boundary.js
772 silly gunzTarPerm extractEntry node_modules/form-data/test/integration/test-http-response.js
773 silly gunzTarPerm extractEntry node_modules/form-data/test/integration/test-pipe.js
774 silly gunzTarPerm extractEntry node_modules/form-data/test/integration/test-submit.js
775 silly gunzTarPerm extractEntry node_modules/form-data/node_modules/async/package.json
776 silly gunzTarPerm extractEntry node_modules/form-data/node_modules/async/README.md
777 silly gunzTarPerm extractEntry node_modules/form-data/node_modules/async/LICENSE
778 silly gunzTarPerm extractEntry node_modules/form-data/node_modules/async/index.js
779 silly gunzTarPerm extractEntry node_modules/form-data/node_modules/async/.gitmodules
780 silly gunzTarPerm extractEntry node_modules/form-data/node_modules/async/lib/async.js
781 silly gunzTarPerm extractEntry node_modules/form-data/node_modules/async/async.min.js.gzip
782 silly gunzTarPerm extractEntry node_modules/form-data/node_modules/async/Makefile
783 silly gunzTarPerm extractEntry node_modules/form-data/node_modules/async/nodelint.cfg
784 silly gunzTarPerm extractEntry node_modules/form-data/node_modules/async/deps/nodeunit.js
785 silly gunzTarPerm extractEntry node_modules/form-data/node_modules/async/deps/nodeunit.css
786 silly gunzTarPerm extractEntry node_modules/form-data/node_modules/async/dist/async.min.js
787 silly gunzTarPerm extractEntry node_modules/form-data/node_modules/async/test/test-async.js
788 silly gunzTarPerm extractEntry node_modules/form-data/node_modules/async/test/.swp
789 silly gunzTarPerm extractEntry node_modules/form-data/node_modules/async/test/test.html
790 silly gunzTarPerm extractEntry node_modules/form-data/node_modules/combined-stream/package.json
791 silly gunzTarPerm extractEntry node_modules/form-data/node_modules/combined-stream/.npmignore
792 silly gunzTarPerm extractEntry node_modules/form-data/node_modules/combined-stream/lib/combined_stream.js
793 silly gunzTarPerm extractEntry node_modules/form-data/node_modules/combined-stream/License
794 silly gunzTarPerm extractEntry node_modules/form-data/node_modules/combined-stream/Makefile
795 silly gunzTarPerm extractEntry node_modules/form-data/node_modules/combined-stream/Readme.md
796 silly gunzTarPerm extractEntry node_modules/form-data/node_modules/combined-stream/test/common.js
797 silly gunzTarPerm extractEntry node_modules/form-data/node_modules/combined-stream/test/run.js
798 silly gunzTarPerm extractEntry node_modules/form-data/node_modules/combined-stream/test/fixture/file1.txt
799 silly gunzTarPerm extractEntry node_modules/form-data/node_modules/combined-stream/test/fixture/file2.txt
800 silly gunzTarPerm extractEntry node_modules/form-data/node_modules/combined-stream/test/integration/test-callback-streams.js
801 silly gunzTarPerm extractEntry node_modules/form-data/node_modules/combined-stream/test/integration/test-data-size.js
802 silly gunzTarPerm extractEntry node_modules/form-data/node_modules/combined-stream/test/integration/test-delayed-streams-and-buffers-and-strings.js
803 silly gunzTarPerm extractEntry node_modules/form-data/node_modules/combined-stream/test/integration/test-delayed-streams.js
804 silly gunzTarPerm extractEntry node_modules/form-data/node_modules/combined-stream/test/integration/test-max-data-size.js
805 silly gunzTarPerm extractEntry node_modules/form-data/node_modules/combined-stream/test/integration/test-unpaused-streams.js
806 silly gunzTarPerm extractEntry node_modules/form-data/node_modules/combined-stream/node_modules/delayed-stream/package.json
807 silly gunzTarPerm extractEntry node_modules/form-data/node_modules/combined-stream/node_modules/delayed-stream/.npmignore
808 silly gunzTarPerm extractEntry node_modules/form-data/node_modules/combined-stream/node_modules/delayed-stream/lib/delayed_stream.js
809 silly gunzTarPerm extractEntry node_modules/form-data/node_modules/combined-stream/node_modules/delayed-stream/License
810 silly gunzTarPerm extractEntry node_modules/form-data/node_modules/combined-stream/node_modules/delayed-stream/Makefile
811 silly gunzTarPerm extractEntry node_modules/form-data/node_modules/combined-stream/node_modules/delayed-stream/Readme.md
812 silly gunzTarPerm extractEntry node_modules/form-data/node_modules/combined-stream/node_modules/delayed-stream/test/common.js
813 silly gunzTarPerm extractEntry node_modules/form-data/node_modules/combined-stream/node_modules/delayed-stream/test/run.js
814 silly gunzTarPerm extractEntry node_modules/form-data/node_modules/combined-stream/node_modules/delayed-stream/test/integration/test-delayed-http-upload.js
815 silly gunzTarPerm extractEntry node_modules/form-data/node_modules/combined-stream/node_modules/delayed-stream/test/integration/test-delayed-stream-auto-pause.js
816 silly gunzTarPerm extractEntry node_modules/form-data/node_modules/combined-stream/node_modules/delayed-stream/test/integration/test-delayed-stream-pause.js
817 silly gunzTarPerm extractEntry node_modules/form-data/node_modules/combined-stream/node_modules/delayed-stream/test/integration/test-delayed-stream.js
818 silly gunzTarPerm extractEntry node_modules/form-data/node_modules/combined-stream/node_modules/delayed-stream/test/integration/test-handle-source-errors.js
819 silly gunzTarPerm extractEntry node_modules/form-data/node_modules/combined-stream/node_modules/delayed-stream/test/integration/test-max-data-size.js
820 silly gunzTarPerm extractEntry node_modules/form-data/node_modules/combined-stream/node_modules/delayed-stream/test/integration/test-pipe-resumes.js
821 silly gunzTarPerm extractEntry node_modules/form-data/node_modules/combined-stream/node_modules/delayed-stream/test/integration/test-proxy-readable.js
822 silly gunzTarPerm extractEntry node_modules/mime/package.json
823 silly gunzTarPerm extractEntry node_modules/mime/README.md
824 silly gunzTarPerm extractEntry node_modules/mime/LICENSE
825 silly gunzTarPerm extractEntry node_modules/mime/mime.js
826 silly gunzTarPerm extractEntry node_modules/mime/test.js
827 silly gunzTarPerm extractEntry node_modules/mime/types/mime.types
828 silly gunzTarPerm extractEntry node_modules/mime/types/node.types
829 silly gentlyRm /Users/alexquang/Documents/programming/algorithms/expe_calc/node_modules/.staging/libxmljs-1b152c1a/node_modules is being purged
830 verbose gentlyRm don't care about contents; nuking /Users/alexquang/Documents/programming/algorithms/expe_calc/node_modules/.staging/libxmljs-1b152c1a/node_modules
831 silly gentlyRm /Users/alexquang/Documents/programming/algorithms/expe_calc/node_modules/.staging/request-5952b748/node_modules is being purged
832 verbose gentlyRm don't care about contents; nuking /Users/alexquang/Documents/programming/algorithms/expe_calc/node_modules/.staging/request-5952b748/node_modules
833 silly vacuum-fs purging /Users/alexquang/Documents/programming/algorithms/expe_calc/node_modules/.staging/request-5952b748/node_modules
834 silly vacuum-fs quitting because other entries in /Users/alexquang/Documents/programming/algorithms/expe_calc/node_modules/.staging/request-5952b748
835 silly doParallel preinstall 10
836 silly preinstall bindings@1.0.0 /Users/alexquang/Documents/programming/algorithms/expe_calc/node_modules/.staging/bindings-8576e455
837 info lifecycle bindings@1.0.0~preinstall: bindings@1.0.0
838 silly preinstall async@0.1.9 /Users/alexquang/Documents/programming/algorithms/expe_calc/node_modules/.staging/async-d6c54aeb
839 info lifecycle async@0.1.9~preinstall: async@0.1.9
840 silly preinstall delayed-stream@0.0.5 /Users/alexquang/Documents/programming/algorithms/expe_calc/node_modules/.staging/delayed-stream-3c91fa4b
841 info lifecycle delayed-stream@0.0.5~preinstall: delayed-stream@0.0.5
842 silly preinstall combined-stream@0.0.3 /Users/alexquang/Documents/programming/algorithms/expe_calc/node_modules/.staging/combined-stream-d96cf547
843 info lifecycle combined-stream@0.0.3~preinstall: combined-stream@0.0.3
844 silly preinstall mime@1.2.7 /Users/alexquang/Documents/programming/algorithms/expe_calc/node_modules/.staging/mime-f36f67e3
845 info lifecycle mime@1.2.7~preinstall: mime@1.2.7
846 silly preinstall form-data@0.0.3 /Users/alexquang/Documents/programming/algorithms/expe_calc/node_modules/.staging/form-data-3afe3748
847 info lifecycle form-data@0.0.3~preinstall: form-data@0.0.3
848 silly preinstall libxmljs@0.6.1 /Users/alexquang/Documents/programming/algorithms/expe_calc/node_modules/.staging/libxmljs-1b152c1a
849 info lifecycle libxmljs@0.6.1~preinstall: libxmljs@0.6.1
850 silly preinstall querystring@0.1.0 /Users/alexquang/Documents/programming/algorithms/expe_calc/node_modules/.staging/querystring-5c4ae75d
851 info lifecycle querystring@0.1.0~preinstall: querystring@0.1.0
852 silly preinstall request@2.11.4 /Users/alexquang/Documents/programming/algorithms/expe_calc/node_modules/.staging/request-5952b748
853 info lifecycle request@2.11.4~preinstall: request@2.11.4
854 silly preinstall bart-api@0.0.0 /Users/alexquang/Documents/programming/algorithms/expe_calc/node_modules/.staging/bart-api-14884056
855 info lifecycle bart-api@0.0.0~preinstall: bart-api@0.0.0
856 silly lifecycle bindings@1.0.0~preinstall: no script for preinstall, continuing
857 silly lifecycle async@0.1.9~preinstall: no script for preinstall, continuing
858 silly lifecycle delayed-stream@0.0.5~preinstall: no script for preinstall, continuing
859 silly lifecycle combined-stream@0.0.3~preinstall: no script for preinstall, continuing
860 silly lifecycle mime@1.2.7~preinstall: no script for preinstall, continuing
861 silly lifecycle form-data@0.0.3~preinstall: no script for preinstall, continuing
862 silly lifecycle libxmljs@0.6.1~preinstall: no script for preinstall, continuing
863 silly lifecycle querystring@0.1.0~preinstall: no script for preinstall, continuing
864 silly lifecycle request@2.11.4~preinstall: no script for preinstall, continuing
865 silly lifecycle bart-api@0.0.0~preinstall: no script for preinstall, continuing
866 silly doReverseSerial remove 0
867 silly doSerial move 0
868 silly doSerial finalize 10
869 silly finalize /Users/alexquang/Documents/programming/algorithms/expe_calc/node_modules/bindings
870 silly finalize /Users/alexquang/Documents/programming/algorithms/expe_calc/node_modules/request/node_modules/form-data/node_modules/async
871 silly finalize /Users/alexquang/Documents/programming/algorithms/expe_calc/node_modules/request/node_modules/form-data/node_modules/combined-stream/node_modules/delayed-stream
872 silly finalize /Users/alexquang/Documents/programming/algorithms/expe_calc/node_modules/request/node_modules/form-data/node_modules/combined-stream
873 silly finalize /Users/alexquang/Documents/programming/algorithms/expe_calc/node_modules/request/node_modules/mime
874 silly finalize /Users/alexquang/Documents/programming/algorithms/expe_calc/node_modules/request/node_modules/form-data
875 silly finalize /Users/alexquang/Documents/programming/algorithms/expe_calc/node_modules/libxmljs
876 silly finalize /Users/alexquang/Documents/programming/algorithms/expe_calc/node_modules/querystring
877 silly finalize /Users/alexquang/Documents/programming/algorithms/expe_calc/node_modules/request
878 silly finalize /Users/alexquang/Documents/programming/algorithms/expe_calc/node_modules/bart-api
879 silly doSerial build 10
880 silly build bindings@1.0.0
881 info linkStuff bindings@1.0.0
882 silly linkStuff bindings@1.0.0 has /Users/alexquang/Documents/programming/algorithms/expe_calc/node_modules as its parent node_modules
883 verbose linkBins bindings@1.0.0
884 verbose linkMans bindings@1.0.0
885 silly build async@0.1.9
886 info linkStuff async@0.1.9
887 silly linkStuff async@0.1.9 has /Users/alexquang/Documents/programming/algorithms/expe_calc/node_modules/request/node_modules/form-data/node_modules as its parent node_modules
888 verbose linkBins async@0.1.9
889 verbose linkMans async@0.1.9
890 silly build delayed-stream@0.0.5
891 info linkStuff delayed-stream@0.0.5
892 silly linkStuff delayed-stream@0.0.5 has /Users/alexquang/Documents/programming/algorithms/expe_calc/node_modules/request/node_modules/form-data/node_modules/combined-stream/node_modules as its parent node_modules
893 verbose linkBins delayed-stream@0.0.5
894 verbose linkMans delayed-stream@0.0.5
895 silly build combined-stream@0.0.3
896 info linkStuff combined-stream@0.0.3
897 silly linkStuff combined-stream@0.0.3 has /Users/alexquang/Documents/programming/algorithms/expe_calc/node_modules/request/node_modules/form-data/node_modules as its parent node_modules
898 verbose linkBins combined-stream@0.0.3
899 verbose linkMans combined-stream@0.0.3
900 silly build mime@1.2.7
901 info linkStuff mime@1.2.7
902 silly linkStuff mime@1.2.7 has /Users/alexquang/Documents/programming/algorithms/expe_calc/node_modules/request/node_modules as its parent node_modules
903 verbose linkBins mime@1.2.7
904 verbose linkMans mime@1.2.7
905 silly build form-data@0.0.3
906 info linkStuff form-data@0.0.3
907 silly linkStuff form-data@0.0.3 has /Users/alexquang/Documents/programming/algorithms/expe_calc/node_modules/request/node_modules as its parent node_modules
908 verbose linkBins form-data@0.0.3
909 verbose linkMans form-data@0.0.3
910 silly build libxmljs@0.6.1
911 info linkStuff libxmljs@0.6.1
912 silly linkStuff libxmljs@0.6.1 has /Users/alexquang/Documents/programming/algorithms/expe_calc/node_modules as its parent node_modules
913 verbose linkBins libxmljs@0.6.1
914 verbose linkMans libxmljs@0.6.1
915 silly build querystring@0.1.0
916 info linkStuff querystring@0.1.0
917 silly linkStuff querystring@0.1.0 has /Users/alexquang/Documents/programming/algorithms/expe_calc/node_modules as its parent node_modules
918 verbose linkBins querystring@0.1.0
919 verbose linkMans querystring@0.1.0
920 silly build request@2.11.4
921 info linkStuff request@2.11.4
922 silly linkStuff request@2.11.4 has /Users/alexquang/Documents/programming/algorithms/expe_calc/node_modules as its parent node_modules
923 verbose linkBins request@2.11.4
924 verbose linkMans request@2.11.4
925 silly build bart-api@0.0.0
926 info linkStuff bart-api@0.0.0
927 silly linkStuff bart-api@0.0.0 has /Users/alexquang/Documents/programming/algorithms/expe_calc/node_modules as its parent node_modules
928 verbose linkBins bart-api@0.0.0
929 verbose linkMans bart-api@0.0.0
930 silly doSerial global-link 0
931 silly doParallel update-linked 0
932 silly doSerial install 10
933 silly install bindings@1.0.0 /Users/alexquang/Documents/programming/algorithms/expe_calc/node_modules/.staging/bindings-8576e455
934 info lifecycle bindings@1.0.0~install: bindings@1.0.0
935 silly lifecycle bindings@1.0.0~install: no script for install, continuing
936 silly install async@0.1.9 /Users/alexquang/Documents/programming/algorithms/expe_calc/node_modules/.staging/async-d6c54aeb
937 info lifecycle async@0.1.9~install: async@0.1.9
938 silly lifecycle async@0.1.9~install: no script for install, continuing
939 silly install delayed-stream@0.0.5 /Users/alexquang/Documents/programming/algorithms/expe_calc/node_modules/.staging/delayed-stream-3c91fa4b
940 info lifecycle delayed-stream@0.0.5~install: delayed-stream@0.0.5
941 silly lifecycle delayed-stream@0.0.5~install: no script for install, continuing
942 silly install combined-stream@0.0.3 /Users/alexquang/Documents/programming/algorithms/expe_calc/node_modules/.staging/combined-stream-d96cf547
943 info lifecycle combined-stream@0.0.3~install: combined-stream@0.0.3
944 silly lifecycle combined-stream@0.0.3~install: no script for install, continuing
945 silly install mime@1.2.7 /Users/alexquang/Documents/programming/algorithms/expe_calc/node_modules/.staging/mime-f36f67e3
946 info lifecycle mime@1.2.7~install: mime@1.2.7
947 silly lifecycle mime@1.2.7~install: no script for install, continuing
948 silly install form-data@0.0.3 /Users/alexquang/Documents/programming/algorithms/expe_calc/node_modules/.staging/form-data-3afe3748
949 info lifecycle form-data@0.0.3~install: form-data@0.0.3
950 silly lifecycle form-data@0.0.3~install: no script for install, continuing
951 silly install libxmljs@0.6.1 /Users/alexquang/Documents/programming/algorithms/expe_calc/node_modules/.staging/libxmljs-1b152c1a
952 info lifecycle libxmljs@0.6.1~install: libxmljs@0.6.1
953 verbose lifecycle libxmljs@0.6.1~install: unsafe-perm in lifecycle true
954 verbose lifecycle libxmljs@0.6.1~install: PATH: /usr/local/lib/node_modules/npm/bin/node-gyp-bin:/Users/alexquang/Documents/programming/algorithms/expe_calc/node_modules/libxmljs/node_modules/.bin:/Users/alexquang/Documents/programming/algorithms/expe_calc/node_modules/.bin:/usr/local/bin:/usr/local/bin:/usr/local/sbin:/Applications/Postgres.app/Contents/Versions/9.5/bin:/Users/alexquang/.composer/vendor/bin:/Users/alexquang/Documents/programming/golang/bin:/usr/local/bin:/usr/bin:/bin:/usr/sbin:/sbin:/usr/local/go/bin
955 verbose lifecycle libxmljs@0.6.1~install: CWD: /Users/alexquang/Documents/programming/algorithms/expe_calc/node_modules/libxmljs
956 silly lifecycle libxmljs@0.6.1~install: Args: [ '-c', 'node-gyp rebuild' ]
957 silly lifecycle libxmljs@0.6.1~install: Returned: code: 1  signal: null
958 info lifecycle libxmljs@0.6.1~install: Failed to exec install script
959 verbose unlock done using /Users/alexquang/.npm/_locks/staging-29fcd573abaa1f7d.lock for /Users/alexquang/Documents/programming/algorithms/expe_calc/node_modules/.staging
960 silly rollbackFailedOptional Starting
961 silly rollbackFailedOptional Finishing
962 silly runTopLevelLifecycles Starting
963 silly runTopLevelLifecycles Finishing
964 silly install printInstalled
965 warn expe_calc@1.0.0 No repository field.
966 verbose stack Error: libxmljs@0.6.1 install: `node-gyp rebuild`
966 verbose stack Exit status 1
966 verbose stack     at EventEmitter.<anonymous> (/usr/local/lib/node_modules/npm/lib/utils/lifecycle.js:242:16)
966 verbose stack     at emitTwo (events.js:106:13)
966 verbose stack     at EventEmitter.emit (events.js:191:7)
966 verbose stack     at ChildProcess.<anonymous> (/usr/local/lib/node_modules/npm/lib/utils/spawn.js:40:14)
966 verbose stack     at emitTwo (events.js:106:13)
966 verbose stack     at ChildProcess.emit (events.js:191:7)
966 verbose stack     at maybeClose (internal/child_process.js:852:16)
966 verbose stack     at Process.ChildProcess._handle.onexit (internal/child_process.js:215:5)
967 verbose pkgid libxmljs@0.6.1
968 verbose cwd /Users/alexquang/Documents/programming/algorithms/expe_calc
969 error Darwin 15.6.0
970 error argv "/usr/local/bin/node" "/usr/local/bin/npm" "install" "--save" "bart-api"
971 error node v6.2.2
972 error npm  v3.10.5
973 error code ELIFECYCLE
974 error libxmljs@0.6.1 install: `node-gyp rebuild`
974 error Exit status 1
975 error Failed at the libxmljs@0.6.1 install script 'node-gyp rebuild'.
975 error Make sure you have the latest version of node.js and npm installed.
975 error If you do, this is most likely a problem with the libxmljs package,
975 error not with npm itself.
975 error Tell the author that this fails on your system:
975 error     node-gyp rebuild
975 error You can get information on how to open an issue for this project with:
975 error     npm bugs libxmljs
975 error Or if that isn't available, you can get their info via:
975 error     npm owner ls libxmljs
975 error There is likely additional logging output above.
976 verbose exit [ 1, true ]
